{"/home/travis/build/npmtest/node-npmtest-html/test.js":{"path":"/home/travis/build/npmtest/node-npmtest-html/test.js","s":{"1":2,"2":2,"3":2,"4":2,"5":2,"6":2,"7":2,"8":1,"9":2,"10":2,"11":1,"12":1,"13":1,"14":1,"15":2,"16":2,"17":2,"18":2,"19":1,"20":1,"21":2,"22":2,"23":2,"24":1,"25":1,"26":1,"27":1,"28":1,"29":1,"30":1,"31":1,"32":1,"33":1,"34":1,"35":1,"36":1,"37":1,"38":1,"39":2,"40":2,"41":1,"42":2,"43":2,"44":1,"45":2,"46":2,"47":1,"48":2,"49":2,"50":1,"51":1,"52":1,"53":1,"54":1},"b":{"1":[2,1,1,1],"2":[1,1,1,1],"3":[1,1],"4":[1,1],"5":[1,1],"6":[1,1],"7":[1,1],"8":[1,1],"9":[1,1],"10":[1,1,1],"11":[1,1],"12":[1,1],"13":[1,1],"14":[1,1],"15":[1,1],"16":[1,1],"17":[1,1]},"f":{"1":2,"2":2,"3":2,"4":2,"5":2,"6":1,"7":1,"8":1,"9":2,"10":2,"11":2,"12":2,"13":1},"fnMap":{"1":{"name":"(anonymous_1)","line":12,"loc":{"start":{"line":12,"column":1},"end":{"line":12,"column":13}}},"2":{"name":"(anonymous_2)","line":19,"loc":{"start":{"line":19,"column":5},"end":{"line":19,"column":17}}},"3":{"name":"(anonymous_3)","line":23,"loc":{"start":{"line":23,"column":24},"end":{"line":23,"column":36}}},"4":{"name":"(anonymous_4)","line":61,"loc":{"start":{"line":61,"column":5},"end":{"line":61,"column":17}}},"5":{"name":"(anonymous_5)","line":82,"loc":{"start":{"line":82,"column":5},"end":{"line":82,"column":17}}},"6":{"name":"(anonymous_6)","line":91,"loc":{"start":{"line":91,"column":77},"end":{"line":94,"column":10}}},"7":{"name":"(anonymous_7)","line":112,"loc":{"start":{"line":112,"column":83},"end":{"line":115,"column":10}},"skip":true},"8":{"name":"(anonymous_8)","line":123,"loc":{"start":{"line":123,"column":77},"end":{"line":126,"column":10}},"skip":true},"9":{"name":"(anonymous_9)","line":139,"loc":{"start":{"line":139,"column":12},"end":{"line":139,"column":40}},"skip":true},"10":{"name":"(anonymous_10)","line":147,"loc":{"start":{"line":147,"column":77},"end":{"line":150,"column":10}},"skip":true},"11":{"name":"(anonymous_11)","line":158,"loc":{"start":{"line":158,"column":83},"end":{"line":161,"column":10}},"skip":true},"12":{"name":"(anonymous_12)","line":169,"loc":{"start":{"line":169,"column":79},"end":{"line":172,"column":10}},"skip":true},"13":{"name":"(anonymous_13)","line":180,"loc":{"start":{"line":180,"column":75},"end":{"line":183,"column":10}},"skip":true}},"statementMap":{"1":{"start":{"line":12,"column":0},"end":{"line":195,"column":5}},"2":{"start":{"line":14,"column":4},"end":{"line":14,"column":14}},"3":{"start":{"line":19,"column":4},"end":{"line":56,"column":9}},"4":{"start":{"line":21,"column":8},"end":{"line":21,"column":19}},"5":{"start":{"line":23,"column":8},"end":{"line":35,"column":13}},"6":{"start":{"line":24,"column":12},"end":{"line":34,"column":13}},"7":{"start":{"line":25,"column":16},"end":{"line":28,"column":30}},"8":{"start":{"line":30,"column":16},"end":{"line":33,"column":27}},"9":{"start":{"line":37,"column":8},"end":{"line":39,"column":21}},"10":{"start":{"line":40,"column":8},"end":{"line":53,"column":9}},"11":{"start":{"line":43,"column":12},"end":{"line":46,"column":14}},"12":{"start":{"line":47,"column":12},"end":{"line":47,"column":18}},"13":{"start":{"line":50,"column":12},"end":{"line":51,"column":46}},"14":{"start":{"line":52,"column":12},"end":{"line":52,"column":18}},"15":{"start":{"line":55,"column":8},"end":{"line":55,"column":35}},"16":{"start":{"line":61,"column":4},"end":{"line":63,"column":9}},"17":{"start":{"line":62,"column":8},"end":{"line":62,"column":15}},"18":{"start":{"line":64,"column":4},"end":{"line":77,"column":5}},"19":{"start":{"line":70,"column":8},"end":{"line":70,"column":14}},"20":{"start":{"line":76,"column":8},"end":{"line":76,"column":14}},"21":{"start":{"line":82,"column":4},"end":{"line":84,"column":9}},"22":{"start":{"line":83,"column":8},"end":{"line":83,"column":15}},"23":{"start":{"line":85,"column":4},"end":{"line":194,"column":5}},"24":{"start":{"line":91,"column":8},"end":{"line":99,"column":10}},"25":{"start":{"line":98,"column":12},"end":{"line":98,"column":35}},"26":{"start":{"line":102,"column":8},"end":{"line":104,"column":63}},"27":{"start":{"line":105,"column":8},"end":{"line":105,"column":14}},"28":{"start":{"line":112,"column":8},"end":{"line":121,"column":10},"skip":true},"29":{"start":{"line":119,"column":12},"end":{"line":119,"column":55},"skip":true},"30":{"start":{"line":120,"column":12},"end":{"line":120,"column":48},"skip":true},"31":{"start":{"line":123,"column":8},"end":{"line":136,"column":10},"skip":true},"32":{"start":{"line":130,"column":12},"end":{"line":130,"column":76},"skip":true},"33":{"start":{"line":131,"column":12},"end":{"line":131,"column":73},"skip":true},"34":{"start":{"line":132,"column":12},"end":{"line":132,"column":74},"skip":true},"35":{"start":{"line":133,"column":12},"end":{"line":133,"column":79},"skip":true},"36":{"start":{"line":134,"column":12},"end":{"line":134,"column":25},"skip":true},"37":{"start":{"line":135,"column":12},"end":{"line":135,"column":45},"skip":true},"38":{"start":{"line":138,"column":8},"end":{"line":145,"column":14},"skip":true},"39":{"start":{"line":143,"column":16},"end":{"line":143,"column":29},"skip":true},"40":{"start":{"line":144,"column":16},"end":{"line":144,"column":55},"skip":true},"41":{"start":{"line":147,"column":8},"end":{"line":156,"column":10},"skip":true},"42":{"start":{"line":154,"column":12},"end":{"line":154,"column":25},"skip":true},"43":{"start":{"line":155,"column":12},"end":{"line":155,"column":45},"skip":true},"44":{"start":{"line":158,"column":8},"end":{"line":167,"column":10},"skip":true},"45":{"start":{"line":165,"column":12},"end":{"line":165,"column":25},"skip":true},"46":{"start":{"line":166,"column":12},"end":{"line":166,"column":48},"skip":true},"47":{"start":{"line":169,"column":8},"end":{"line":178,"column":10},"skip":true},"48":{"start":{"line":176,"column":12},"end":{"line":176,"column":25},"skip":true},"49":{"start":{"line":177,"column":12},"end":{"line":177,"column":46},"skip":true},"50":{"start":{"line":180,"column":8},"end":{"line":189,"column":10},"skip":true},"51":{"start":{"line":187,"column":12},"end":{"line":187,"column":94},"skip":true},"52":{"start":{"line":188,"column":12},"end":{"line":188,"column":48},"skip":true},"53":{"start":{"line":192,"column":8},"end":{"line":192,"column":35},"skip":true},"54":{"start":{"line":193,"column":8},"end":{"line":193,"column":14},"skip":true}},"branchMap":{"1":{"line":25,"type":"binary-expr","locations":[{"start":{"line":25,"column":23},"end":{"line":25,"column":62}},{"start":{"line":26,"column":20},"end":{"line":26,"column":70}},{"start":{"line":27,"column":20},"end":{"line":27,"column":71}},{"start":{"line":28,"column":20},"end":{"line":28,"column":29}}]},"2":{"line":30,"type":"binary-expr","locations":[{"start":{"line":30,"column":23},"end":{"line":30,"column":37}},{"start":{"line":31,"column":20},"end":{"line":31,"column":61}},{"start":{"line":32,"column":20},"end":{"line":32,"column":70}},{"start":{"line":33,"column":20},"end":{"line":33,"column":26}}]},"3":{"line":37,"type":"cond-expr","locations":[{"start":{"line":38,"column":14},"end":{"line":38,"column":20}},{"start":{"line":39,"column":14},"end":{"line":39,"column":20}}]},"4":{"line":40,"type":"switch","locations":[{"start":{"line":42,"column":8},"end":{"line":47,"column":18}},{"start":{"line":49,"column":8},"end":{"line":52,"column":18}}]},"5":{"line":44,"type":"binary-expr","locations":[{"start":{"line":44,"column":16},"end":{"line":44,"column":44}},{"start":{"line":44,"column":48},"end":{"line":44,"column":66}}]},"6":{"line":50,"type":"binary-expr","locations":[{"start":{"line":50,"column":21},"end":{"line":50,"column":49}},{"start":{"line":50,"column":53},"end":{"line":50,"column":72}}]},"7":{"line":64,"type":"switch","locations":[{"start":{"line":69,"column":4},"end":{"line":70,"column":14}},{"start":{"line":75,"column":4},"end":{"line":76,"column":14}}]},"8":{"line":85,"type":"switch","locations":[{"start":{"line":90,"column":4},"end":{"line":105,"column":14}},{"start":{"line":111,"column":4},"end":{"line":193,"column":14},"skip":true}]},"9":{"line":91,"type":"binary-expr","locations":[{"start":{"line":91,"column":42},"end":{"line":91,"column":73}},{"start":{"line":91,"column":77},"end":{"line":99,"column":9}}]},"10":{"line":102,"type":"binary-expr","locations":[{"start":{"line":102,"column":18},"end":{"line":102,"column":32}},{"start":{"line":103,"column":12},"end":{"line":103,"column":53}},{"start":{"line":104,"column":12},"end":{"line":104,"column":61}}]},"11":{"line":112,"type":"binary-expr","locations":[{"start":{"line":112,"column":45},"end":{"line":112,"column":79},"skip":true},{"start":{"line":112,"column":83},"end":{"line":121,"column":9},"skip":true}]},"12":{"line":123,"type":"binary-expr","locations":[{"start":{"line":123,"column":42},"end":{"line":123,"column":73},"skip":true},{"start":{"line":123,"column":77},"end":{"line":136,"column":9},"skip":true}]},"13":{"line":138,"type":"binary-expr","locations":[{"start":{"line":138,"column":48},"end":{"line":138,"column":85},"skip":true},{"start":{"line":139,"column":12},"end":{"line":145,"column":13},"skip":true}]},"14":{"line":147,"type":"binary-expr","locations":[{"start":{"line":147,"column":42},"end":{"line":147,"column":73},"skip":true},{"start":{"line":147,"column":77},"end":{"line":156,"column":9},"skip":true}]},"15":{"line":158,"type":"binary-expr","locations":[{"start":{"line":158,"column":45},"end":{"line":158,"column":79},"skip":true},{"start":{"line":158,"column":83},"end":{"line":167,"column":9},"skip":true}]},"16":{"line":169,"type":"binary-expr","locations":[{"start":{"line":169,"column":43},"end":{"line":169,"column":75},"skip":true},{"start":{"line":169,"column":79},"end":{"line":178,"column":9},"skip":true}]},"17":{"line":180,"type":"binary-expr","locations":[{"start":{"line":180,"column":41},"end":{"line":180,"column":71},"skip":true},{"start":{"line":180,"column":75},"end":{"line":189,"column":9},"skip":true}]}},"code":["/* istanbul instrument in package npmtest_html */","/*jslint","    bitwise: true,","    browser: true,","    maxerr: 8,","    maxlen: 96,","    node: true,","    nomen: true,","    regexp: true,","    stupid: true","*/","(function () {","    'use strict';","    var local;","","","","    // run shared js-env code - pre-init","    (function () {","        // init local","        local = {};","        // init modeJs","        local.modeJs = (function () {","            try {","                return typeof navigator.userAgent === 'string' &&","                    typeof document.querySelector('body') === 'object' &&","                    typeof XMLHttpRequest.prototype.open === 'function' &&","                    'browser';","            } catch (errorCaughtBrowser) {","                return module.exports &&","                    typeof process.versions.node === 'string' &&","                    typeof require('http').createServer === 'function' &&","                    'node';","            }","        }());","        // init global","        local.global = local.modeJs === 'browser'","            ? window","            : global;","        switch (local.modeJs) {","        // re-init local from window.local","        case 'browser':","            local = local.global.utility2.objectSetDefault(","                local.global.utility2_rollup || local.global.local,","                local.global.utility2","            );","            break;","        // re-init local from example.js","        case 'node':","            local = (local.global.utility2_rollup || require('utility2'))","                .requireExampleJsFromReadme();","            break;","        }","        // export local","        local.global.local = local;","    }());","","","","    // run shared js-env code - function","    (function () {","        return;","    }());","    switch (local.modeJs) {","","","","    // run browser js-env code - function","    case 'browser':","        break;","","","","    // run node js-env code - function","    case 'node':","        break;","    }","","","","    // run shared js-env code - post-init","    (function () {","        return;","    }());","    switch (local.modeJs) {","","","","    // run browser js-env code - post-init","    case 'browser':","        local.testCase_browser_nullCase = local.testCase_browser_nullCase || function (","            options,","            onError","        ) {","        /*","         * this function will test browsers's null-case handling-behavior-behavior","         */","            onError(null, options);","        };","","        // run tests","        local.nop(local.modeTest &&","            document.querySelector('#testRunButton1') &&","            document.querySelector('#testRunButton1').click());","        break;","","","","    // run node js-env code - post-init","    /* istanbul ignore next */","    case 'node':","        local.testCase_buildApidoc_default = local.testCase_buildApidoc_default || function (","            options,","            onError","        ) {","        /*","         * this function will test buildApidoc's default handling-behavior-behavior","         */","            options = { modulePathList: module.paths };","            local.buildApidoc(options, onError);","        };","","        local.testCase_buildApp_default = local.testCase_buildApp_default || function (","            options,","            onError","        ) {","        /*","         * this function will test buildApp's default handling-behavior-behavior","         */","            local.testCase_buildReadme_default(options, local.onErrorThrow);","            local.testCase_buildLib_default(options, local.onErrorThrow);","            local.testCase_buildTest_default(options, local.onErrorThrow);","            local.testCase_buildCustomOrg_default(options, local.onErrorThrow);","            options = [];","            local.buildApp(options, onError);","        };","","        local.testCase_buildCustomOrg_default = local.testCase_buildCustomOrg_default ||","            function (options, onError) {","            /*","             * this function will test buildCustomOrg's default handling-behavior","             */","                options = {};","                local.buildCustomOrg(options, onError);","            };","","        local.testCase_buildLib_default = local.testCase_buildLib_default || function (","            options,","            onError","        ) {","        /*","         * this function will test buildLib's default handling-behavior","         */","            options = {};","            local.buildLib(options, onError);","        };","","        local.testCase_buildReadme_default = local.testCase_buildReadme_default || function (","            options,","            onError","        ) {","        /*","         * this function will test buildReadme's default handling-behavior-behavior","         */","            options = {};","            local.buildReadme(options, onError);","        };","","        local.testCase_buildTest_default = local.testCase_buildTest_default || function (","            options,","            onError","        ) {","        /*","         * this function will test buildTest's default handling-behavior","         */","            options = {};","            local.buildTest(options, onError);","        };","","        local.testCase_webpage_default = local.testCase_webpage_default || function (","            options,","            onError","        ) {","        /*","         * this function will test webpage's default handling-behavior","         */","            options = { modeCoverageMerge: true, url: local.serverLocalHost + '?modeTest=1' };","            local.browserTest(options, onError);","        };","","        // run test-server","        local.testRunServer(local);","        break;","    }","}());",""],"l":{"12":2,"14":2,"19":2,"21":2,"23":2,"24":2,"25":2,"30":1,"37":2,"40":2,"43":1,"47":1,"50":1,"52":1,"55":2,"61":2,"62":2,"64":2,"70":1,"76":1,"82":2,"83":2,"85":2,"91":1,"98":1,"102":1,"105":1,"112":1,"119":1,"120":1,"123":1,"130":1,"131":1,"132":1,"133":1,"134":1,"135":1,"138":1,"143":2,"144":2,"147":1,"154":2,"155":2,"158":1,"165":2,"166":2,"169":1,"176":2,"177":2,"180":1,"187":1,"188":1,"192":1,"193":1}},"/home/travis/build/npmtest/node-npmtest-html/lib.npmtest_html.js":{"path":"/home/travis/build/npmtest/node-npmtest-html/lib.npmtest_html.js","s":{"1":2,"2":2,"3":2,"4":2,"5":2,"6":2,"7":2,"8":1,"9":2,"10":2,"11":2,"12":2,"13":1,"14":1,"15":1,"16":1},"b":{"1":[2,1,1,1],"2":[1,1,1,1],"3":[1,1],"4":[2,2],"5":[1,1]},"f":{"1":2,"2":2,"3":2},"fnMap":{"1":{"name":"(anonymous_1)","line":12,"loc":{"start":{"line":12,"column":1},"end":{"line":12,"column":13}}},"2":{"name":"(anonymous_2)","line":19,"loc":{"start":{"line":19,"column":5},"end":{"line":19,"column":17}}},"3":{"name":"(anonymous_3)","line":23,"loc":{"start":{"line":23,"column":24},"end":{"line":23,"column":36}}}},"statementMap":{"1":{"start":{"line":12,"column":0},"end":{"line":53,"column":5}},"2":{"start":{"line":14,"column":4},"end":{"line":14,"column":14}},"3":{"start":{"line":19,"column":4},"end":{"line":52,"column":9}},"4":{"start":{"line":21,"column":8},"end":{"line":21,"column":19}},"5":{"start":{"line":23,"column":8},"end":{"line":35,"column":13}},"6":{"start":{"line":24,"column":12},"end":{"line":34,"column":13}},"7":{"start":{"line":25,"column":16},"end":{"line":28,"column":30}},"8":{"start":{"line":30,"column":16},"end":{"line":33,"column":27}},"9":{"start":{"line":37,"column":8},"end":{"line":39,"column":21}},"10":{"start":{"line":41,"column":8},"end":{"line":41,"column":54}},"11":{"start":{"line":43,"column":8},"end":{"line":43,"column":49}},"12":{"start":{"line":45,"column":8},"end":{"line":51,"column":9}},"13":{"start":{"line":46,"column":12},"end":{"line":46,"column":55}},"14":{"start":{"line":48,"column":12},"end":{"line":48,"column":35}},"15":{"start":{"line":49,"column":12},"end":{"line":49,"column":49}},"16":{"start":{"line":50,"column":12},"end":{"line":50,"column":43}}},"branchMap":{"1":{"line":25,"type":"binary-expr","locations":[{"start":{"line":25,"column":23},"end":{"line":25,"column":62}},{"start":{"line":26,"column":20},"end":{"line":26,"column":70}},{"start":{"line":27,"column":20},"end":{"line":27,"column":71}},{"start":{"line":28,"column":20},"end":{"line":28,"column":29}}]},"2":{"line":30,"type":"binary-expr","locations":[{"start":{"line":30,"column":23},"end":{"line":30,"column":37}},{"start":{"line":31,"column":20},"end":{"line":31,"column":61}},{"start":{"line":32,"column":20},"end":{"line":32,"column":70}},{"start":{"line":33,"column":20},"end":{"line":33,"column":26}}]},"3":{"line":37,"type":"cond-expr","locations":[{"start":{"line":38,"column":14},"end":{"line":38,"column":20}},{"start":{"line":39,"column":14},"end":{"line":39,"column":20}}]},"4":{"line":41,"type":"binary-expr","locations":[{"start":{"line":41,"column":16},"end":{"line":41,"column":44}},{"start":{"line":41,"column":48},"end":{"line":41,"column":53}}]},"5":{"line":45,"type":"if","locations":[{"start":{"line":45,"column":8},"end":{"line":45,"column":8}},{"start":{"line":45,"column":8},"end":{"line":45,"column":8}}]}},"code":["/* istanbul instrument in package npmtest_html */","/*jslint","    bitwise: true,","    browser: true,","    maxerr: 8,","    maxlen: 96,","    node: true,","    nomen: true,","    regexp: true,","    stupid: true","*/","(function () {","    'use strict';","    var local;","","","","    // run shared js-env code - pre-init","    (function () {","        // init local","        local = {};","        // init modeJs","        local.modeJs = (function () {","            try {","                return typeof navigator.userAgent === 'string' &&","                    typeof document.querySelector('body') === 'object' &&","                    typeof XMLHttpRequest.prototype.open === 'function' &&","                    'browser';","            } catch (errorCaughtBrowser) {","                return module.exports &&","                    typeof process.versions.node === 'string' &&","                    typeof require('http').createServer === 'function' &&","                    'node';","            }","        }());","        // init global","        local.global = local.modeJs === 'browser'","            ? window","            : global;","        // init utility2_rollup","        local = local.global.utility2_rollup || local;","        // init lib","        local.local = local.npmtest_html = local;","        // init exports","        if (local.modeJs === 'browser') {","            local.global.utility2_npmtest_html = local;","        } else {","            module.exports = local;","            module.exports.__dirname = __dirname;","            module.exports.module = module;","        }","    }());","}());",""],"l":{"12":2,"14":2,"19":2,"21":2,"23":2,"24":2,"25":2,"30":1,"37":2,"41":2,"43":2,"45":2,"46":1,"48":1,"49":1,"50":1}},"/home/travis/build/npmtest/node-npmtest-html/example.js":{"path":"/home/travis/build/npmtest/node-npmtest-html/example.js","s":{"1":2,"2":2,"3":2,"4":2,"5":2,"6":2,"7":2,"8":1,"9":2,"10":2,"11":2,"12":2,"13":1,"14":2,"15":2,"16":2,"17":2,"18":2,"19":0,"20":2,"21":1,"22":1,"23":1,"24":1,"25":1,"26":0,"27":0,"28":1,"29":1,"30":2,"31":0,"32":0,"33":0,"34":1,"35":2,"36":2,"37":3,"38":3,"39":3,"40":3,"41":0,"42":3,"43":3,"44":3,"45":1,"46":3,"47":1,"48":1,"49":1,"50":1,"51":1,"52":1,"53":1,"54":1,"55":1,"56":1,"57":0,"58":1,"59":6,"60":6,"61":1,"62":2,"63":0,"64":2,"65":1,"66":1,"67":0,"68":0,"69":0,"70":0,"71":0,"72":0,"73":0,"74":0,"75":0,"76":0,"77":0,"78":0,"79":0,"80":0,"81":0,"82":0,"83":0},"b":{"1":[2,1,1,1],"2":[1,1,1,1],"3":[1,1],"4":[2,2],"5":[1,1],"6":[1,1],"7":[2,0],"8":[2,1,1,1,1,1],"9":[0,2,0],"10":[1,1],"11":[2,1,1],"12":[1,0],"13":[0,2],"14":[2,0,0,0,0,0,0],"15":[0,3],"16":[3,0],"17":[1,1],"18":[0,1],"19":[1,2,0,2],"20":[1,0],"21":[1,1],"22":[0,0],"23":[0,0],"24":[0,0],"25":[0,0],"26":[0,0],"27":[0,0],"28":[0,0]},"f":{"1":2,"2":2,"3":2,"4":2,"5":2,"6":2,"7":3,"8":3,"9":3,"10":1,"11":6,"12":0},"fnMap":{"1":{"name":"(anonymous_1)","line":26,"loc":{"start":{"line":26,"column":1},"end":{"line":26,"column":13}}},"2":{"name":"(anonymous_2)","line":33,"loc":{"start":{"line":33,"column":5},"end":{"line":33,"column":17}}},"3":{"name":"(anonymous_3)","line":37,"loc":{"start":{"line":37,"column":24},"end":{"line":37,"column":36}}},"4":{"name":"(anonymous_4)","line":69,"loc":{"start":{"line":69,"column":31},"end":{"line":69,"column":48}},"skip":true},"5":{"name":"(anonymous_5)","line":78,"loc":{"start":{"line":78,"column":26},"end":{"line":78,"column":45}},"skip":true},"6":{"name":"(anonymous_6)","line":123,"loc":{"start":{"line":123,"column":33},"end":{"line":123,"column":48}},"skip":true},"7":{"name":"(anonymous_7)","line":125,"loc":{"start":{"line":125,"column":27},"end":{"line":125,"column":39}},"skip":true},"8":{"name":"(anonymous_8)","line":133,"loc":{"start":{"line":133,"column":59},"end":{"line":133,"column":74}},"skip":true},"9":{"name":"(anonymous_9)","line":143,"loc":{"start":{"line":143,"column":45},"end":{"line":143,"column":62}},"skip":true},"10":{"name":"(anonymous_10)","line":144,"loc":{"start":{"line":144,"column":73},"end":{"line":144,"column":92}},"skip":true},"11":{"name":"(anonymous_11)","line":272,"loc":{"start":{"line":272,"column":51},"end":{"line":272,"column":77}},"skip":true},"12":{"name":"(anonymous_12)","line":315,"loc":{"start":{"line":315,"column":32},"end":{"line":315,"column":61}},"skip":true}},"statementMap":{"1":{"start":{"line":26,"column":0},"end":{"line":326,"column":5}},"2":{"start":{"line":28,"column":4},"end":{"line":28,"column":14}},"3":{"start":{"line":33,"column":4},"end":{"line":60,"column":9}},"4":{"start":{"line":35,"column":8},"end":{"line":35,"column":19}},"5":{"start":{"line":37,"column":8},"end":{"line":49,"column":13}},"6":{"start":{"line":38,"column":12},"end":{"line":48,"column":13}},"7":{"start":{"line":39,"column":16},"end":{"line":42,"column":30}},"8":{"start":{"line":44,"column":16},"end":{"line":47,"column":27}},"9":{"start":{"line":51,"column":8},"end":{"line":53,"column":21}},"10":{"start":{"line":55,"column":8},"end":{"line":57,"column":45}},"11":{"start":{"line":59,"column":8},"end":{"line":59,"column":35}},"12":{"start":{"line":61,"column":4},"end":{"line":325,"column":5}},"13":{"start":{"line":69,"column":8},"end":{"line":121,"column":10},"skip":true},"14":{"start":{"line":70,"column":12},"end":{"line":88,"column":13},"skip":true},"15":{"start":{"line":76,"column":16},"end":{"line":87,"column":19},"skip":true},"16":{"start":{"line":79,"column":20},"end":{"line":86,"column":21},"skip":true},"17":{"start":{"line":82,"column":24},"end":{"line":82,"column":43},"skip":true},"18":{"start":{"line":83,"column":24},"end":{"line":83,"column":30},"skip":true},"19":{"start":{"line":85,"column":24},"end":{"line":85,"column":49},"skip":true},"20":{"start":{"line":89,"column":12},"end":{"line":107,"column":13},"skip":true},"21":{"start":{"line":92,"column":16},"end":{"line":102,"column":17},"skip":true},"22":{"start":{"line":93,"column":20},"end":{"line":93,"column":86},"skip":true},"23":{"start":{"line":94,"column":20},"end":{"line":95,"column":45},"skip":true},"24":{"start":{"line":96,"column":20},"end":{"line":96,"column":42},"skip":true},"25":{"start":{"line":97,"column":20},"end":{"line":97,"column":48},"skip":true},"26":{"start":{"line":100,"column":20},"end":{"line":100,"column":85},"skip":true},"27":{"start":{"line":101,"column":20},"end":{"line":101,"column":96},"skip":true},"28":{"start":{"line":103,"column":16},"end":{"line":103,"column":22},"skip":true},"29":{"start":{"line":106,"column":16},"end":{"line":106,"column":22},"skip":true},"30":{"start":{"line":108,"column":12},"end":{"line":120,"column":13},"skip":true},"31":{"start":{"line":114,"column":16},"end":{"line":119,"column":17},"skip":true},"32":{"start":{"line":116,"column":20},"end":{"line":116,"column":78},"skip":true},"33":{"start":{"line":118,"column":20},"end":{"line":118,"column":47},"skip":true},"34":{"start":{"line":123,"column":8},"end":{"line":141,"column":11},"skip":true},"35":{"start":{"line":124,"column":12},"end":{"line":124,"column":54},"skip":true},"36":{"start":{"line":125,"column":12},"end":{"line":140,"column":14},"skip":true},"37":{"start":{"line":126,"column":16},"end":{"line":126,"column":28},"skip":true},"38":{"start":{"line":127,"column":16},"end":{"line":127,"column":69},"skip":true},"39":{"start":{"line":128,"column":16},"end":{"line":128,"column":75},"skip":true},"40":{"start":{"line":129,"column":16},"end":{"line":131,"column":17},"skip":true},"41":{"start":{"line":130,"column":20},"end":{"line":130,"column":27},"skip":true},"42":{"start":{"line":133,"column":16},"end":{"line":137,"column":36},"skip":true},"43":{"start":{"line":134,"column":20},"end":{"line":136,"column":55},"skip":true},"44":{"start":{"line":139,"column":16},"end":{"line":139,"column":57},"skip":true},"45":{"start":{"line":143,"column":8},"end":{"line":147,"column":11},"skip":true},"46":{"start":{"line":144,"column":12},"end":{"line":146,"column":15},"skip":true},"47":{"start":{"line":145,"column":16},"end":{"line":145,"column":70},"skip":true},"48":{"start":{"line":149,"column":8},"end":{"line":149,"column":31},"skip":true},"49":{"start":{"line":150,"column":8},"end":{"line":150,"column":14},"skip":true},"50":{"start":{"line":158,"column":8},"end":{"line":158,"column":31},"skip":true},"51":{"start":{"line":160,"column":8},"end":{"line":160,"column":33},"skip":true},"52":{"start":{"line":161,"column":8},"end":{"line":161,"column":37},"skip":true},"53":{"start":{"line":162,"column":8},"end":{"line":162,"column":35},"skip":true},"54":{"start":{"line":164,"column":8},"end":{"line":164,"column":50},"skip":true},"55":{"start":{"line":166,"column":8},"end":{"line":256,"column":2},"skip":true},"56":{"start":{"line":258,"column":8},"end":{"line":286,"column":9},"skip":true},"57":{"start":{"line":259,"column":12},"end":{"line":269,"column":14},"skip":true},"58":{"start":{"line":271,"column":12},"end":{"line":285,"column":19},"skip":true},"59":{"start":{"line":274,"column":20},"end":{"line":274,"column":35},"skip":true},"60":{"start":{"line":275,"column":20},"end":{"line":284,"column":21},"skip":true},"61":{"start":{"line":277,"column":24},"end":{"line":277,"column":64},"skip":true},"62":{"start":{"line":279,"column":24},"end":{"line":279,"column":40},"skip":true},"63":{"start":{"line":281,"column":24},"end":{"line":281,"column":40},"skip":true},"64":{"start":{"line":283,"column":24},"end":{"line":283,"column":39},"skip":true},"65":{"start":{"line":288,"column":8},"end":{"line":290,"column":9},"skip":true},"66":{"start":{"line":289,"column":12},"end":{"line":289,"column":18},"skip":true},"67":{"start":{"line":291,"column":8},"end":{"line":293,"column":54},"skip":true},"68":{"start":{"line":296,"column":8},"end":{"line":301,"column":37},"skip":true},"69":{"start":{"line":303,"column":8},"end":{"line":303,"column":82},"skip":true},"70":{"start":{"line":306,"column":8},"end":{"line":308,"column":9},"skip":true},"71":{"start":{"line":307,"column":12},"end":{"line":307,"column":82},"skip":true},"72":{"start":{"line":310,"column":8},"end":{"line":312,"column":9},"skip":true},"73":{"start":{"line":311,"column":12},"end":{"line":311,"column":18},"skip":true},"74":{"start":{"line":313,"column":8},"end":{"line":313,"column":54},"skip":true},"75":{"start":{"line":314,"column":8},"end":{"line":314,"column":69},"skip":true},"76":{"start":{"line":315,"column":8},"end":{"line":323,"column":36},"skip":true},"77":{"start":{"line":316,"column":12},"end":{"line":316,"column":61},"skip":true},"78":{"start":{"line":317,"column":12},"end":{"line":320,"column":13},"skip":true},"79":{"start":{"line":318,"column":16},"end":{"line":318,"column":75},"skip":true},"80":{"start":{"line":319,"column":16},"end":{"line":319,"column":23},"skip":true},"81":{"start":{"line":321,"column":12},"end":{"line":321,"column":38},"skip":true},"82":{"start":{"line":322,"column":12},"end":{"line":322,"column":27},"skip":true},"83":{"start":{"line":324,"column":8},"end":{"line":324,"column":14},"skip":true}},"branchMap":{"1":{"line":39,"type":"binary-expr","locations":[{"start":{"line":39,"column":23},"end":{"line":39,"column":62}},{"start":{"line":40,"column":20},"end":{"line":40,"column":70}},{"start":{"line":41,"column":20},"end":{"line":41,"column":71}},{"start":{"line":42,"column":20},"end":{"line":42,"column":29}}]},"2":{"line":44,"type":"binary-expr","locations":[{"start":{"line":44,"column":23},"end":{"line":44,"column":37}},{"start":{"line":45,"column":20},"end":{"line":45,"column":61}},{"start":{"line":46,"column":20},"end":{"line":46,"column":70}},{"start":{"line":47,"column":20},"end":{"line":47,"column":26}}]},"3":{"line":51,"type":"cond-expr","locations":[{"start":{"line":52,"column":14},"end":{"line":52,"column":20}},{"start":{"line":53,"column":14},"end":{"line":53,"column":20}}]},"4":{"line":55,"type":"binary-expr","locations":[{"start":{"line":55,"column":16},"end":{"line":55,"column":44}},{"start":{"line":55,"column":49},"end":{"line":57,"column":43}}]},"5":{"line":55,"type":"cond-expr","locations":[{"start":{"line":56,"column":14},"end":{"line":56,"column":48}},{"start":{"line":57,"column":14},"end":{"line":57,"column":43}}]},"6":{"line":61,"type":"switch","locations":[{"start":{"line":68,"column":4},"end":{"line":150,"column":14},"skip":true},{"start":{"line":156,"column":4},"end":{"line":324,"column":14},"skip":true}]},"7":{"line":70,"type":"if","locations":[{"start":{"line":70,"column":12},"end":{"line":70,"column":12},"skip":true},{"start":{"line":70,"column":12},"end":{"line":70,"column":12},"skip":true}]},"8":{"line":70,"type":"binary-expr","locations":[{"start":{"line":70,"column":16},"end":{"line":70,"column":22},"skip":true},{"start":{"line":70,"column":27},"end":{"line":70,"column":32},"skip":true},{"start":{"line":71,"column":20},"end":{"line":71,"column":39},"skip":true},{"start":{"line":72,"column":20},"end":{"line":72,"column":49},"skip":true},{"start":{"line":73,"column":20},"end":{"line":73,"column":58},"skip":true},{"start":{"line":74,"column":20},"end":{"line":74,"column":69},"skip":true}]},"9":{"line":79,"type":"switch","locations":[{"start":{"line":80,"column":20},"end":{"line":80,"column":33},"skip":true},{"start":{"line":81,"column":20},"end":{"line":83,"column":30},"skip":true},{"start":{"line":84,"column":20},"end":{"line":85,"column":49},"skip":true}]},"10":{"line":89,"type":"switch","locations":[{"start":{"line":90,"column":12},"end":{"line":103,"column":22},"skip":true},{"start":{"line":105,"column":12},"end":{"line":106,"column":22},"skip":true}]},"11":{"line":89,"type":"binary-expr","locations":[{"start":{"line":89,"column":20},"end":{"line":89,"column":25},"skip":true},{"start":{"line":89,"column":29},"end":{"line":89,"column":48},"skip":true},{"start":{"line":89,"column":52},"end":{"line":89,"column":74},"skip":true}]},"12":{"line":92,"type":"if","locations":[{"start":{"line":92,"column":16},"end":{"line":92,"column":16},"skip":true},{"start":{"line":92,"column":16},"end":{"line":92,"column":16},"skip":true}]},"13":{"line":108,"type":"if","locations":[{"start":{"line":108,"column":12},"end":{"line":108,"column":12},"skip":true},{"start":{"line":108,"column":12},"end":{"line":108,"column":12},"skip":true}]},"14":{"line":108,"type":"binary-expr","locations":[{"start":{"line":108,"column":16},"end":{"line":108,"column":61},"skip":true},{"start":{"line":108,"column":66},"end":{"line":108,"column":72},"skip":true},{"start":{"line":108,"column":77},"end":{"line":108,"column":82},"skip":true},{"start":{"line":109,"column":20},"end":{"line":109,"column":39},"skip":true},{"start":{"line":110,"column":20},"end":{"line":110,"column":49},"skip":true},{"start":{"line":111,"column":20},"end":{"line":111,"column":58},"skip":true},{"start":{"line":112,"column":20},"end":{"line":112,"column":68},"skip":true}]},"15":{"line":129,"type":"if","locations":[{"start":{"line":129,"column":16},"end":{"line":129,"column":16},"skip":true},{"start":{"line":129,"column":16},"end":{"line":129,"column":16},"skip":true}]},"16":{"line":134,"type":"cond-expr","locations":[{"start":{"line":135,"column":26},"end":{"line":135,"column":29},"skip":true},{"start":{"line":136,"column":26},"end":{"line":136,"column":54},"skip":true}]},"17":{"line":164,"type":"binary-expr","locations":[{"start":{"line":164,"column":27},"end":{"line":164,"column":43},"skip":true},{"start":{"line":164,"column":47},"end":{"line":164,"column":49},"skip":true}]},"18":{"line":258,"type":"if","locations":[{"start":{"line":258,"column":8},"end":{"line":258,"column":8},"skip":true},{"start":{"line":258,"column":8},"end":{"line":258,"column":8},"skip":true}]},"19":{"line":275,"type":"switch","locations":[{"start":{"line":276,"column":20},"end":{"line":277,"column":64},"skip":true},{"start":{"line":278,"column":20},"end":{"line":279,"column":40},"skip":true},{"start":{"line":280,"column":20},"end":{"line":281,"column":40},"skip":true},{"start":{"line":282,"column":20},"end":{"line":283,"column":39},"skip":true}]},"20":{"line":288,"type":"if","locations":[{"start":{"line":288,"column":8},"end":{"line":288,"column":8},"skip":true},{"start":{"line":288,"column":8},"end":{"line":288,"column":8},"skip":true}]},"21":{"line":288,"type":"binary-expr","locations":[{"start":{"line":288,"column":12},"end":{"line":288,"column":40},"skip":true},{"start":{"line":288,"column":44},"end":{"line":288,"column":67},"skip":true}]},"22":{"line":292,"type":"binary-expr","locations":[{"start":{"line":292,"column":12},"end":{"line":292,"column":50},"skip":true},{"start":{"line":293,"column":12},"end":{"line":293,"column":53},"skip":true}]},"23":{"line":297,"type":"binary-expr","locations":[{"start":{"line":297,"column":12},"end":{"line":297,"column":62},"skip":true},{"start":{"line":298,"column":12},"end":{"line":301,"column":36},"skip":true}]},"24":{"line":303,"type":"binary-expr","locations":[{"start":{"line":303,"column":43},"end":{"line":303,"column":75},"skip":true},{"start":{"line":303,"column":79},"end":{"line":303,"column":81},"skip":true}]},"25":{"line":306,"type":"if","locations":[{"start":{"line":306,"column":8},"end":{"line":306,"column":8},"skip":true},{"start":{"line":306,"column":8},"end":{"line":306,"column":8},"skip":true}]},"26":{"line":310,"type":"if","locations":[{"start":{"line":310,"column":8},"end":{"line":310,"column":8},"skip":true},{"start":{"line":310,"column":8},"end":{"line":310,"column":8},"skip":true}]},"27":{"line":313,"type":"binary-expr","locations":[{"start":{"line":313,"column":27},"end":{"line":313,"column":43},"skip":true},{"start":{"line":313,"column":47},"end":{"line":313,"column":53},"skip":true}]},"28":{"line":317,"type":"if","locations":[{"start":{"line":317,"column":12},"end":{"line":317,"column":12},"skip":true},{"start":{"line":317,"column":12},"end":{"line":317,"column":12},"skip":true}]}},"code":["/*","example.js","","quickstart example","","instruction","    1. save this script as example.js","    2. run the shell command:","        $ npm install npmtest-html && PORT=8081 node example.js","    3. play with the browser-demo on http://127.0.0.1:8081","*/","","","","/* istanbul instrument in package npmtest_html */","/*jslint","    bitwise: true,","    browser: true,","    maxerr: 8,","    maxlen: 96,","    node: true,","    nomen: true,","    regexp: true,","    stupid: true","*/","(function () {","    'use strict';","    var local;","","","","    // run shared js-env code - pre-init","    (function () {","        // init local","        local = {};","        // init modeJs","        local.modeJs = (function () {","            try {","                return typeof navigator.userAgent === 'string' &&","                    typeof document.querySelector('body') === 'object' &&","                    typeof XMLHttpRequest.prototype.open === 'function' &&","                    'browser';","            } catch (errorCaughtBrowser) {","                return module.exports &&","                    typeof process.versions.node === 'string' &&","                    typeof require('http').createServer === 'function' &&","                    'node';","            }","        }());","        // init global","        local.global = local.modeJs === 'browser'","            ? window","            : global;","        // init utility2_rollup","        local = local.global.utility2_rollup || (local.modeJs === 'browser'","            ? local.global.utility2_npmtest_html","            : global.utility2_moduleExports);","        // export local","        local.global.local = local;","    }());","    switch (local.modeJs) {","","","","    // post-init","    // run browser js-env code - post-init","    /* istanbul ignore next */","    case 'browser':","        local.testRunBrowser = function (event) {","            if (!event || (event &&","                    event.currentTarget &&","                    event.currentTarget.className &&","                    event.currentTarget.className.includes &&","                    event.currentTarget.className.includes('onreset'))) {","                // reset output","                Array.from(","                    document.querySelectorAll('body > .resettable')","                ).forEach(function (element) {","                    switch (element.tagName) {","                    case 'INPUT':","                    case 'TEXTAREA':","                        element.value = '';","                        break;","                    default:","                        element.textContent = '';","                    }","                });","            }","            switch (event && event.currentTarget && event.currentTarget.id) {","            case 'testRunButton1':","                // show tests","                if (document.querySelector('#testReportDiv1').style.display === 'none') {","                    document.querySelector('#testReportDiv1').style.display = 'block';","                    document.querySelector('#testRunButton1').textContent =","                        'hide internal test';","                    local.modeTest = true;","                    local.testRunDefault(local);","                // hide tests","                } else {","                    document.querySelector('#testReportDiv1').style.display = 'none';","                    document.querySelector('#testRunButton1').textContent = 'run internal test';","                }","                break;","            // custom-case","            default:","                break;","            }","            if (document.querySelector('#inputTextareaEval1') && (!event || (event &&","                    event.currentTarget &&","                    event.currentTarget.className &&","                    event.currentTarget.className.includes &&","                    event.currentTarget.className.includes('oneval')))) {","                // try to eval input-code","                try {","                    /*jslint evil: true*/","                    eval(document.querySelector('#inputTextareaEval1').value);","                } catch (errorCaught) {","                    console.error(errorCaught);","                }","            }","        };","        // log stderr and stdout to #outputTextareaStdout1","        ['error', 'log'].forEach(function (key) {","            console[key + '_original'] = console[key];","            console[key] = function () {","                var element;","                console[key + '_original'].apply(console, arguments);","                element = document.querySelector('#outputTextareaStdout1');","                if (!element) {","                    return;","                }","                // append text to #outputTextareaStdout1","                element.value += Array.from(arguments).map(function (arg) {","                    return typeof arg === 'string'","                        ? arg","                        : JSON.stringify(arg, null, 4);","                }).join(' ') + '\\n';","                // scroll textarea to bottom","                element.scrollTop = element.scrollHeight;","            };","        });","        // init event-handling","        ['change', 'click', 'keyup'].forEach(function (event) {","            Array.from(document.querySelectorAll('.on' + event)).forEach(function (element) {","                element.addEventListener(event, local.testRunBrowser);","            });","        });","        // run tests","        local.testRunBrowser();","        break;","","","","    // run node js-env code - post-init","    /* istanbul ignore next */","    case 'node':","        // export local","        module.exports = local;","        // require modules","        local.fs = require('fs');","        local.http = require('http');","        local.url = require('url');","        // init assets","        local.assetsDict = local.assetsDict || {};","        /* jslint-ignore-begin */","        local.assetsDict['/assets.index.template.html'] = '\\","<!doctype html>\\n\\","<html lang=\"en\">\\n\\","<head>\\n\\","<meta charset=\"UTF-8\">\\n\\","<meta name=\"viewport\" content=\"width=device-width, initial-scale=1\">\\n\\","<title>{{env.npm_package_name}} (v{{env.npm_package_version}})</title>\\n\\","<style>\\n\\","/*csslint\\n\\","    box-sizing: false,\\n\\","    universal-selector: false\\n\\","*/\\n\\","* {\\n\\","    box-sizing: border-box;\\n\\","}\\n\\","body {\\n\\","    background: #dde;\\n\\","    font-family: Arial, Helvetica, sans-serif;\\n\\","    margin: 2rem;\\n\\","}\\n\\","body > * {\\n\\","    margin-bottom: 1rem;\\n\\","}\\n\\",".utility2FooterDiv {\\n\\","    margin-top: 20px;\\n\\","    text-align: center;\\n\\","}\\n\\","</style>\\n\\","<style>\\n\\","/*csslint\\n\\","*/\\n\\","textarea {\\n\\","    font-family: monospace;\\n\\","    height: 10rem;\\n\\","    width: 100%;\\n\\","}\\n\\","textarea[readonly] {\\n\\","    background: #ddd;\\n\\","}\\n\\","</style>\\n\\","</head>\\n\\","<body>\\n\\","<!-- utility2-comment\\n\\","<div id=\"ajaxProgressDiv1\" style=\"background: #d00; height: 2px; left: 0; margin: 0; padding: 0; position: fixed; top: 0; transition: background 0.5s, width 1.5s; width: 25%;\"></div>\\n\\","utility2-comment -->\\n\\","<h1>\\n\\","<!-- utility2-comment\\n\\","    <a\\n\\","        {{#if env.npm_package_homepage}}\\n\\","        href=\"{{env.npm_package_homepage}}\"\\n\\","        {{/if env.npm_package_homepage}}\\n\\","        target=\"_blank\"\\n\\","    >\\n\\","utility2-comment -->\\n\\","        {{env.npm_package_name}} (v{{env.npm_package_version}})\\n\\","<!-- utility2-comment\\n\\","    </a>\\n\\","utility2-comment -->\\n\\","</h1>\\n\\","<h3>{{env.npm_package_description}}</h3>\\n\\","<!-- utility2-comment\\n\\","<h4><a download href=\"assets.app.js\">download standalone app</a></h4>\\n\\","<button class=\"onclick onreset\" id=\"testRunButton1\">run internal test</button><br>\\n\\","<div id=\"testReportDiv1\" style=\"display: none;\"></div>\\n\\","utility2-comment -->\\n\\","\\n\\","\\n\\","\\n\\","<label>stderr and stdout</label>\\n\\","<textarea class=\"resettable\" id=\"outputTextareaStdout1\" readonly></textarea>\\n\\","<!-- utility2-comment\\n\\","{{#if isRollup}}\\n\\","<script src=\"assets.app.js\"></script>\\n\\","{{#unless isRollup}}\\n\\","utility2-comment -->\\n\\","<script src=\"assets.utility2.rollup.js\"></script>\\n\\","<script src=\"jsonp.utility2._stateInit?callback=window.utility2._stateInit\"></script>\\n\\","<script src=\"assets.npmtest_html.rollup.js\"></script>\\n\\","<script src=\"assets.example.js\"></script>\\n\\","<script src=\"assets.test.js\"></script>\\n\\","<!-- utility2-comment\\n\\","{{/if isRollup}}\\n\\","utility2-comment -->\\n\\","<div class=\"utility2FooterDiv\">\\n\\","    [ this app was created with\\n\\","    <a href=\"https://github.com/kaizhu256/node-utility2\" target=\"_blank\">utility2</a>\\n\\","    ]\\n\\","</div>\\n\\","</body>\\n\\","</html>\\n\\","';","        /* jslint-ignore-end */","        if (local.templateRender) {","            local.assetsDict['/'] = local.templateRender(","                local.assetsDict['/assets.index.template.html'],","                {","                    env: local.objectSetDefault(local.env, {","                        npm_package_description: 'the greatest app in the world!',","                        npm_package_name: 'my-app',","                        npm_package_nameAlias: 'my_app',","                        npm_package_version: '0.0.1'","                    })","                }","            );","        } else {","            local.assetsDict['/'] = local.assetsDict['/assets.index.template.html']","                .replace((/\\{\\{env\\.(\\w+?)\\}\\}/g), function (match0, match1) {","                    // jslint-hack","                    String(match0);","                    switch (match1) {","                    case 'npm_package_description':","                        return 'the greatest app in the world!';","                    case 'npm_package_name':","                        return 'my-app';","                    case 'npm_package_nameAlias':","                        return 'my_app';","                    case 'npm_package_version':","                        return '0.0.1';","                    }","                });","        }","        // run the cli","        if (local.global.utility2_rollup || module !== require.main) {","            break;","        }","        local.assetsDict['/assets.example.js'] =","            local.assetsDict['/assets.example.js'] ||","            local.fs.readFileSync(__filename, 'utf8');","        // bug-workaround - long $npm_package_buildCustomOrg","        /* jslint-ignore-begin */","        local.assetsDict['/assets.npmtest_html.rollup.js'] =","            local.assetsDict['/assets.npmtest_html.rollup.js'] ||","            local.fs.readFileSync(","                local.npmtest_html.__dirname + '/lib.npmtest_html.js',","                'utf8'","            ).replace((/^#!/), '//');","        /* jslint-ignore-end */","        local.assetsDict['/favicon.ico'] = local.assetsDict['/favicon.ico'] || '';","        // if $npm_config_timeout_exit exists,","        // then exit this process after $npm_config_timeout_exit ms","        if (Number(process.env.npm_config_timeout_exit)) {","            setTimeout(process.exit, Number(process.env.npm_config_timeout_exit));","        }","        // start server","        if (local.global.utility2_serverHttp1) {","            break;","        }","        process.env.PORT = process.env.PORT || '8081';","        console.error('server starting on port ' + process.env.PORT);","        local.http.createServer(function (request, response) {","            request.urlParsed = local.url.parse(request.url);","            if (local.assetsDict[request.urlParsed.pathname] !== undefined) {","                response.end(local.assetsDict[request.urlParsed.pathname]);","                return;","            }","            response.statusCode = 404;","            response.end();","        }).listen(process.env.PORT);","        break;","    }","}());",""],"l":{"26":2,"28":2,"33":2,"35":2,"37":2,"38":2,"39":2,"44":1,"51":2,"55":2,"59":2,"61":2,"69":1,"70":2,"76":2,"79":2,"82":2,"83":2,"85":1,"89":2,"92":1,"93":1,"94":1,"96":1,"97":1,"100":1,"101":1,"103":1,"106":1,"108":2,"114":1,"116":1,"118":1,"123":1,"124":2,"125":2,"126":3,"127":3,"128":3,"129":3,"130":1,"133":3,"134":3,"139":3,"143":1,"144":3,"145":1,"149":1,"150":1,"158":1,"160":1,"161":1,"162":1,"164":1,"166":1,"258":1,"259":1,"271":1,"274":6,"275":6,"277":1,"279":2,"281":1,"283":2,"288":1,"289":1,"291":1,"296":1,"303":1,"306":1,"307":1,"310":1,"311":1,"313":1,"314":1,"315":1,"316":1,"317":1,"318":1,"319":1,"321":1,"322":1,"324":1}},"/home/travis/build/npmtest/node-npmtest-html/node_modules/html/lib/html.js":{"path":"/home/travis/build/npmtest/node-npmtest-html/node_modules/html/lib/html.js","s":{"1":1,"2":0,"3":0,"4":0,"5":0,"6":0,"7":0,"8":0,"9":1,"10":0,"11":0,"12":0,"13":0,"14":0,"15":0,"16":0,"17":0,"18":0,"19":0,"20":0,"21":0,"22":0,"23":0,"24":0,"25":0,"26":0,"27":0,"28":0,"29":0,"30":0,"31":0,"32":0,"33":0,"34":0,"35":0,"36":0,"37":0,"38":0,"39":0,"40":0,"41":0,"42":0,"43":0,"44":0,"45":0,"46":0,"47":0,"48":0,"49":0,"50":0,"51":0,"52":0,"53":0,"54":0,"55":0,"56":0,"57":0,"58":0,"59":0,"60":0,"61":0,"62":0,"63":0,"64":0,"65":0,"66":0,"67":0,"68":0,"69":0,"70":0,"71":0,"72":0,"73":0,"74":0,"75":0,"76":0,"77":0,"78":0,"79":0,"80":0,"81":0,"82":0,"83":0,"84":0,"85":0,"86":0,"87":0,"88":0,"89":0,"90":0,"91":0,"92":0,"93":0,"94":0,"95":0,"96":0,"97":0,"98":0,"99":0,"100":0,"101":0,"102":0,"103":0,"104":0,"105":0,"106":0,"107":0,"108":0,"109":0,"110":0,"111":0,"112":0,"113":0,"114":0,"115":0,"116":0,"117":0,"118":0,"119":0,"120":0,"121":0,"122":0,"123":0,"124":0,"125":0,"126":0,"127":0,"128":0,"129":0,"130":0,"131":0,"132":0,"133":0,"134":0,"135":0,"136":0,"137":0,"138":0,"139":0,"140":0,"141":0,"142":0,"143":0,"144":0,"145":0,"146":0,"147":0,"148":0,"149":0,"150":0,"151":0,"152":0,"153":0,"154":0,"155":0,"156":0,"157":0,"158":0,"159":0,"160":0,"161":0,"162":0,"163":0,"164":0,"165":0,"166":0,"167":0,"168":0,"169":0,"170":0,"171":0,"172":0,"173":0,"174":0,"175":0,"176":0,"177":0,"178":0,"179":0,"180":0,"181":0,"182":0,"183":0,"184":0,"185":0,"186":0,"187":0,"188":0,"189":0,"190":0,"191":0,"192":0,"193":0,"194":0,"195":0,"196":0,"197":0,"198":0,"199":0,"200":0,"201":0,"202":0,"203":0,"204":0,"205":0,"206":0,"207":0,"208":0,"209":0,"210":0,"211":0,"212":0,"213":0,"214":0,"215":0,"216":0,"217":0,"218":0,"219":0,"220":0,"221":0,"222":0,"223":0,"224":0,"225":0,"226":0,"227":0,"228":0,"229":0,"230":0,"231":0,"232":0,"233":0,"234":0,"235":0,"236":0,"237":0,"238":0,"239":0,"240":0,"241":0,"242":0,"243":0,"244":0,"245":0,"246":0,"247":0,"248":0,"249":0,"250":0,"251":0,"252":0,"253":0,"254":0,"255":0,"256":0,"257":0,"258":0,"259":0,"260":0,"261":0,"262":0,"263":0,"264":0,"265":0,"266":0,"267":0,"268":0,"269":0,"270":0,"271":0,"272":0,"273":0,"274":0,"275":0,"276":0,"277":0,"278":0,"279":0,"280":0,"281":0,"282":0,"283":0,"284":0,"285":0,"286":0,"287":0,"288":0,"289":0,"290":0,"291":0,"292":0,"293":0,"294":0,"295":0,"296":1},"b":{"1":[0,0],"2":[0,0],"3":[0,0],"4":[0,0],"5":[0,0],"6":[0,0],"7":[0,0],"8":[0,0],"9":[0,0],"10":[0,0],"11":[0,0],"12":[0,0],"13":[0,0],"14":[0,0],"15":[0,0],"16":[0,0],"17":[0,0],"18":[0,0],"19":[0,0],"20":[0,0],"21":[0,0],"22":[0,0],"23":[0,0],"24":[0,0],"25":[0,0],"26":[0,0],"27":[0,0],"28":[0,0],"29":[0,0],"30":[0,0],"31":[0,0],"32":[0,0],"33":[0,0,0,0],"34":[0,0],"35":[0,0],"36":[0,0],"37":[0,0],"38":[0,0],"39":[0,0],"40":[0,0],"41":[0,0],"42":[0,0],"43":[0,0],"44":[0,0],"45":[0,0],"46":[0,0],"47":[0,0],"48":[0,0],"49":[0,0],"50":[0,0],"51":[0,0],"52":[0,0],"53":[0,0],"54":[0,0],"55":[0,0],"56":[0,0],"57":[0,0],"58":[0,0],"59":[0,0],"60":[0,0],"61":[0,0],"62":[0,0],"63":[0,0],"64":[0,0],"65":[0,0],"66":[0,0],"67":[0,0],"68":[0,0],"69":[0,0],"70":[0,0],"71":[0,0],"72":[0,0],"73":[0,0],"74":[0,0,0,0,0,0,0,0],"75":[0,0],"76":[0,0],"77":[0,0],"78":[0,0],"79":[0,0],"80":[0,0],"81":[0,0],"82":[0,0],"83":[0,0],"84":[0,0],"85":[0,0],"86":[0,0],"87":[0,0],"88":[0,0],"89":[0,0],"90":[0,0]},"f":{"1":0,"2":0,"3":0,"4":0,"5":0,"6":0,"7":0,"8":0,"9":0,"10":0,"11":0,"12":0,"13":0,"14":0,"15":0,"16":0},"fnMap":{"1":{"name":"style_html","line":39,"loc":{"start":{"line":39,"column":0},"end":{"line":39,"column":42}}},"2":{"name":"Parser","line":56,"loc":{"start":{"line":56,"column":2},"end":{"line":56,"column":20}}},"3":{"name":"(anonymous_3)","line":73,"loc":{"start":{"line":73,"column":16},"end":{"line":73,"column":37}}},"4":{"name":"(anonymous_4)","line":83,"loc":{"start":{"line":83,"column":23},"end":{"line":83,"column":35}}},"5":{"name":"(anonymous_5)","line":124,"loc":{"start":{"line":124,"column":27},"end":{"line":124,"column":43}}},"6":{"name":"(anonymous_6)","line":141,"loc":{"start":{"line":141,"column":22},"end":{"line":141,"column":36}}},"7":{"name":"(anonymous_7)","line":154,"loc":{"start":{"line":154,"column":24},"end":{"line":154,"column":39}}},"8":{"name":"(anonymous_8)","line":178,"loc":{"start":{"line":178,"column":19},"end":{"line":178,"column":31}}},"9":{"name":"(anonymous_9)","line":301,"loc":{"start":{"line":301,"column":27},"end":{"line":301,"column":58}}},"10":{"name":"(anonymous_10)","line":344,"loc":{"start":{"line":344,"column":21},"end":{"line":344,"column":33}}},"11":{"name":"(anonymous_11)","line":377,"loc":{"start":{"line":377,"column":27},"end":{"line":377,"column":44}}},"12":{"name":"(anonymous_12)","line":386,"loc":{"start":{"line":386,"column":19},"end":{"line":386,"column":94}}},"13":{"name":"(anonymous_13)","line":402,"loc":{"start":{"line":402,"column":27},"end":{"line":402,"column":50}}},"14":{"name":"(anonymous_14)","line":418,"loc":{"start":{"line":418,"column":25},"end":{"line":418,"column":41}}},"15":{"name":"(anonymous_15)","line":422,"loc":{"start":{"line":422,"column":20},"end":{"line":422,"column":32}}},"16":{"name":"(anonymous_16)","line":426,"loc":{"start":{"line":426,"column":22},"end":{"line":426,"column":34}}}},"statementMap":{"1":{"start":{"line":39,"column":0},"end":{"line":532,"column":1}},"2":{"start":{"line":42,"column":2},"end":{"line":47,"column":18}},"3":{"start":{"line":49,"column":2},"end":{"line":49,"column":26}},"4":{"start":{"line":50,"column":2},"end":{"line":50,"column":41}},"5":{"start":{"line":51,"column":2},"end":{"line":51,"column":48}},"6":{"start":{"line":52,"column":2},"end":{"line":52,"column":50}},"7":{"start":{"line":53,"column":2},"end":{"line":53,"column":71}},"8":{"start":{"line":54,"column":2},"end":{"line":54,"column":293}},"9":{"start":{"line":56,"column":2},"end":{"line":433,"column":3}},"10":{"start":{"line":58,"column":4},"end":{"line":58,"column":17}},"11":{"start":{"line":59,"column":4},"end":{"line":59,"column":20}},"12":{"start":{"line":60,"column":4},"end":{"line":60,"column":34}},"13":{"start":{"line":61,"column":4},"end":{"line":65,"column":6}},"14":{"start":{"line":66,"column":4},"end":{"line":66,"column":23}},"15":{"start":{"line":67,"column":4},"end":{"line":67,"column":78}},"16":{"start":{"line":69,"column":4},"end":{"line":81,"column":5}},"17":{"start":{"line":74,"column":8},"end":{"line":78,"column":9}},"18":{"start":{"line":75,"column":10},"end":{"line":77,"column":11}},"19":{"start":{"line":76,"column":12},"end":{"line":76,"column":24}},"20":{"start":{"line":79,"column":8},"end":{"line":79,"column":21}},"21":{"start":{"line":83,"column":4},"end":{"line":122,"column":5}},"22":{"start":{"line":85,"column":6},"end":{"line":87,"column":24}},"23":{"start":{"line":89,"column":6},"end":{"line":120,"column":7}},"24":{"start":{"line":90,"column":8},"end":{"line":92,"column":9}},"25":{"start":{"line":91,"column":10},"end":{"line":91,"column":64}},"26":{"start":{"line":94,"column":8},"end":{"line":94,"column":49}},"27":{"start":{"line":95,"column":8},"end":{"line":95,"column":19}},"28":{"start":{"line":96,"column":8},"end":{"line":96,"column":31}},"29":{"start":{"line":98,"column":8},"end":{"line":118,"column":9}},"30":{"start":{"line":99,"column":10},"end":{"line":101,"column":11}},"31":{"start":{"line":100,"column":12},"end":{"line":100,"column":25}},"32":{"start":{"line":102,"column":10},"end":{"line":102,"column":33}},"33":{"start":{"line":103,"column":10},"end":{"line":103,"column":19}},"34":{"start":{"line":105,"column":13},"end":{"line":118,"column":9}},"35":{"start":{"line":106,"column":10},"end":{"line":116,"column":11}},"36":{"start":{"line":107,"column":12},"end":{"line":107,"column":31}},"37":{"start":{"line":108,"column":12},"end":{"line":110,"column":13}},"38":{"start":{"line":109,"column":14},"end":{"line":109,"column":47}},"39":{"start":{"line":111,"column":12},"end":{"line":111,"column":37}},"40":{"start":{"line":114,"column":12},"end":{"line":114,"column":30}},"41":{"start":{"line":115,"column":12},"end":{"line":115,"column":35}},"42":{"start":{"line":117,"column":10},"end":{"line":117,"column":24}},"43":{"start":{"line":119,"column":8},"end":{"line":119,"column":33}},"44":{"start":{"line":121,"column":6},"end":{"line":121,"column":48}},"45":{"start":{"line":124,"column":4},"end":{"line":139,"column":5}},"46":{"start":{"line":125,"column":6},"end":{"line":127,"column":7}},"47":{"start":{"line":126,"column":8},"end":{"line":126,"column":30}},"48":{"start":{"line":128,"column":6},"end":{"line":128,"column":26}},"49":{"start":{"line":129,"column":6},"end":{"line":129,"column":23}},"50":{"start":{"line":130,"column":6},"end":{"line":130,"column":66}},"51":{"start":{"line":131,"column":6},"end":{"line":131,"column":37}},"52":{"start":{"line":132,"column":6},"end":{"line":132,"column":49}},"53":{"start":{"line":133,"column":6},"end":{"line":133,"column":67}},"54":{"start":{"line":134,"column":6},"end":{"line":137,"column":7}},"55":{"start":{"line":135,"column":8},"end":{"line":135,"column":61}},"56":{"start":{"line":136,"column":8},"end":{"line":136,"column":30}},"57":{"start":{"line":138,"column":6},"end":{"line":138,"column":21}},"58":{"start":{"line":141,"column":4},"end":{"line":152,"column":5}},"59":{"start":{"line":142,"column":6},"end":{"line":149,"column":7}},"60":{"start":{"line":143,"column":8},"end":{"line":143,"column":35}},"61":{"start":{"line":144,"column":8},"end":{"line":144,"column":70}},"62":{"start":{"line":147,"column":8},"end":{"line":147,"column":37}},"63":{"start":{"line":148,"column":8},"end":{"line":148,"column":70}},"64":{"start":{"line":150,"column":6},"end":{"line":150,"column":78}},"65":{"start":{"line":151,"column":6},"end":{"line":151,"column":56}},"66":{"start":{"line":154,"column":4},"end":{"line":176,"column":5}},"67":{"start":{"line":155,"column":6},"end":{"line":175,"column":7}},"68":{"start":{"line":156,"column":8},"end":{"line":156,"column":43}},"69":{"start":{"line":157,"column":8},"end":{"line":162,"column":9}},"70":{"start":{"line":158,"column":10},"end":{"line":160,"column":11}},"71":{"start":{"line":159,"column":12},"end":{"line":159,"column":18}},"72":{"start":{"line":161,"column":10},"end":{"line":161,"column":58}},"73":{"start":{"line":163,"column":8},"end":{"line":166,"column":9}},"74":{"start":{"line":164,"column":10},"end":{"line":164,"column":72}},"75":{"start":{"line":165,"column":10},"end":{"line":165,"column":63}},"76":{"start":{"line":167,"column":8},"end":{"line":167,"column":68}},"77":{"start":{"line":168,"column":8},"end":{"line":168,"column":57}},"78":{"start":{"line":169,"column":8},"end":{"line":174,"column":9}},"79":{"start":{"line":170,"column":10},"end":{"line":170,"column":42}},"80":{"start":{"line":173,"column":10},"end":{"line":173,"column":37}},"81":{"start":{"line":178,"column":4},"end":{"line":299,"column":5}},"82":{"start":{"line":179,"column":6},"end":{"line":182,"column":29}},"83":{"start":{"line":184,"column":6},"end":{"line":226,"column":35}},"84":{"start":{"line":185,"column":8},"end":{"line":187,"column":9}},"85":{"start":{"line":186,"column":10},"end":{"line":186,"column":64}},"86":{"start":{"line":189,"column":8},"end":{"line":189,"column":49}},"87":{"start":{"line":190,"column":8},"end":{"line":190,"column":19}},"88":{"start":{"line":191,"column":8},"end":{"line":191,"column":31}},"89":{"start":{"line":193,"column":8},"end":{"line":197,"column":9}},"90":{"start":{"line":194,"column":10},"end":{"line":194,"column":23}},"91":{"start":{"line":195,"column":10},"end":{"line":195,"column":33}},"92":{"start":{"line":196,"column":10},"end":{"line":196,"column":19}},"93":{"start":{"line":199,"column":8},"end":{"line":204,"column":9}},"94":{"start":{"line":200,"column":10},"end":{"line":203,"column":11}},"95":{"start":{"line":201,"column":12},"end":{"line":201,"column":59}},"96":{"start":{"line":202,"column":12},"end":{"line":202,"column":25}},"97":{"start":{"line":206,"column":8},"end":{"line":208,"column":9}},"98":{"start":{"line":207,"column":10},"end":{"line":207,"column":24}},"99":{"start":{"line":210,"column":8},"end":{"line":221,"column":9}},"100":{"start":{"line":212,"column":10},"end":{"line":219,"column":11}},"101":{"start":{"line":213,"column":12},"end":{"line":213,"column":47}},"102":{"start":{"line":214,"column":12},"end":{"line":214,"column":37}},"103":{"start":{"line":217,"column":12},"end":{"line":217,"column":30}},"104":{"start":{"line":218,"column":12},"end":{"line":218,"column":35}},"105":{"start":{"line":220,"column":10},"end":{"line":220,"column":24}},"106":{"start":{"line":222,"column":8},"end":{"line":224,"column":9}},"107":{"start":{"line":223,"column":12},"end":{"line":223,"column":37}},"108":{"start":{"line":225,"column":8},"end":{"line":225,"column":33}},"109":{"start":{"line":228,"column":6},"end":{"line":228,"column":42}},"110":{"start":{"line":229,"column":6},"end":{"line":229,"column":20}},"111":{"start":{"line":230,"column":6},"end":{"line":235,"column":7}},"112":{"start":{"line":231,"column":8},"end":{"line":231,"column":46}},"113":{"start":{"line":234,"column":8},"end":{"line":234,"column":46}},"114":{"start":{"line":236,"column":6},"end":{"line":236,"column":73}},"115":{"start":{"line":237,"column":6},"end":{"line":297,"column":7}},"116":{"start":{"line":239,"column":8},"end":{"line":239,"column":33}},"117":{"start":{"line":241,"column":11},"end":{"line":297,"column":7}},"118":{"start":{"line":242,"column":8},"end":{"line":242,"column":35}},"119":{"start":{"line":243,"column":8},"end":{"line":243,"column":33}},"120":{"start":{"line":245,"column":11},"end":{"line":297,"column":7}},"121":{"start":{"line":246,"column":8},"end":{"line":246,"column":35}},"122":{"start":{"line":247,"column":8},"end":{"line":247,"column":32}},"123":{"start":{"line":249,"column":11},"end":{"line":297,"column":7}},"124":{"start":{"line":250,"column":8},"end":{"line":250,"column":77}},"125":{"start":{"line":251,"column":8},"end":{"line":251,"column":30}},"126":{"start":{"line":253,"column":8},"end":{"line":255,"column":9}},"127":{"start":{"line":254,"column":12},"end":{"line":254,"column":67}},"128":{"start":{"line":256,"column":8},"end":{"line":256,"column":31}},"129":{"start":{"line":257,"column":8},"end":{"line":259,"column":9}},"130":{"start":{"line":258,"column":12},"end":{"line":258,"column":57}},"131":{"start":{"line":260,"column":8},"end":{"line":260,"column":33}},"132":{"start":{"line":262,"column":11},"end":{"line":297,"column":7}},"133":{"start":{"line":263,"column":8},"end":{"line":283,"column":9}},"134":{"start":{"line":264,"column":10},"end":{"line":267,"column":11}},"135":{"start":{"line":265,"column":12},"end":{"line":265,"column":68}},"136":{"start":{"line":266,"column":12},"end":{"line":266,"column":34}},"137":{"start":{"line":268,"column":10},"end":{"line":268,"column":34}},"138":{"start":{"line":270,"column":13},"end":{"line":283,"column":9}},"139":{"start":{"line":271,"column":10},"end":{"line":271,"column":32}},"140":{"start":{"line":272,"column":10},"end":{"line":272,"column":26}},"141":{"start":{"line":274,"column":13},"end":{"line":283,"column":9}},"142":{"start":{"line":275,"column":10},"end":{"line":275,"column":66}},"143":{"start":{"line":276,"column":10},"end":{"line":276,"column":32}},"144":{"start":{"line":277,"column":10},"end":{"line":277,"column":35}},"145":{"start":{"line":280,"column":10},"end":{"line":280,"column":66}},"146":{"start":{"line":281,"column":10},"end":{"line":281,"column":32}},"147":{"start":{"line":282,"column":10},"end":{"line":282,"column":35}},"148":{"start":{"line":286,"column":8},"end":{"line":293,"column":9}},"149":{"start":{"line":287,"column":10},"end":{"line":287,"column":52}},"150":{"start":{"line":288,"column":10},"end":{"line":288,"column":32}},"151":{"start":{"line":291,"column":10},"end":{"line":291,"column":37}},"152":{"start":{"line":292,"column":10},"end":{"line":292,"column":34}},"153":{"start":{"line":294,"column":8},"end":{"line":296,"column":9}},"154":{"start":{"line":295,"column":10},"end":{"line":295,"column":48}},"155":{"start":{"line":298,"column":6},"end":{"line":298,"column":30}},"156":{"start":{"line":301,"column":4},"end":{"line":342,"column":5}},"157":{"start":{"line":303,"column":6},"end":{"line":305,"column":7}},"158":{"start":{"line":304,"column":8},"end":{"line":304,"column":18}},"159":{"start":{"line":306,"column":6},"end":{"line":306,"column":26}},"160":{"start":{"line":307,"column":6},"end":{"line":307,"column":23}},"161":{"start":{"line":308,"column":6},"end":{"line":308,"column":23}},"162":{"start":{"line":309,"column":6},"end":{"line":340,"column":63}},"163":{"start":{"line":311,"column":8},"end":{"line":313,"column":9}},"164":{"start":{"line":312,"column":10},"end":{"line":312,"column":25}},"165":{"start":{"line":315,"column":8},"end":{"line":315,"column":49}},"166":{"start":{"line":316,"column":8},"end":{"line":316,"column":18}},"167":{"start":{"line":318,"column":8},"end":{"line":334,"column":9}},"168":{"start":{"line":319,"column":10},"end":{"line":322,"column":11}},"169":{"start":{"line":320,"column":12},"end":{"line":320,"column":35}},"170":{"start":{"line":321,"column":12},"end":{"line":321,"column":21}},"171":{"start":{"line":323,"column":10},"end":{"line":333,"column":11}},"172":{"start":{"line":324,"column":12},"end":{"line":324,"column":28}},"173":{"start":{"line":331,"column":12},"end":{"line":331,"column":37}},"174":{"start":{"line":332,"column":12},"end":{"line":332,"column":21}},"175":{"start":{"line":335,"column":8},"end":{"line":335,"column":30}},"176":{"start":{"line":336,"column":8},"end":{"line":336,"column":31}},"177":{"start":{"line":337,"column":8},"end":{"line":337,"column":21}},"178":{"start":{"line":341,"column":6},"end":{"line":341,"column":21}},"179":{"start":{"line":344,"column":4},"end":{"line":375,"column":5}},"180":{"start":{"line":345,"column":6},"end":{"line":345,"column":16}},"181":{"start":{"line":347,"column":6},"end":{"line":354,"column":7}},"182":{"start":{"line":348,"column":7},"end":{"line":348,"column":43}},"183":{"start":{"line":349,"column":7},"end":{"line":349,"column":42}},"184":{"start":{"line":350,"column":8},"end":{"line":352,"column":9}},"185":{"start":{"line":351,"column":10},"end":{"line":351,"column":23}},"186":{"start":{"line":353,"column":8},"end":{"line":353,"column":37}},"187":{"start":{"line":355,"column":6},"end":{"line":363,"column":7}},"188":{"start":{"line":356,"column":8},"end":{"line":356,"column":35}},"189":{"start":{"line":357,"column":8},"end":{"line":362,"column":9}},"190":{"start":{"line":358,"column":10},"end":{"line":358,"column":23}},"191":{"start":{"line":361,"column":10},"end":{"line":361,"column":39}},"192":{"start":{"line":365,"column":6},"end":{"line":374,"column":7}},"193":{"start":{"line":366,"column":8},"end":{"line":366,"column":31}},"194":{"start":{"line":367,"column":8},"end":{"line":373,"column":9}},"195":{"start":{"line":368,"column":10},"end":{"line":368,"column":23}},"196":{"start":{"line":371,"column":10},"end":{"line":371,"column":56}},"197":{"start":{"line":372,"column":10},"end":{"line":372,"column":40}},"198":{"start":{"line":377,"column":4},"end":{"line":383,"column":5}},"199":{"start":{"line":378,"column":6},"end":{"line":378,"column":45}},"200":{"start":{"line":379,"column":6},"end":{"line":380,"column":18}},"201":{"start":{"line":380,"column":8},"end":{"line":380,"column":18}},"202":{"start":{"line":382,"column":6},"end":{"line":382,"column":55}},"203":{"start":{"line":386,"column":4},"end":{"line":431,"column":5}},"204":{"start":{"line":388,"column":6},"end":{"line":388,"column":35}},"205":{"start":{"line":389,"column":6},"end":{"line":389,"column":23}},"206":{"start":{"line":390,"column":6},"end":{"line":390,"column":47}},"207":{"start":{"line":391,"column":6},"end":{"line":391,"column":30}},"208":{"start":{"line":392,"column":6},"end":{"line":392,"column":37}},"209":{"start":{"line":393,"column":6},"end":{"line":393,"column":37}},"210":{"start":{"line":394,"column":6},"end":{"line":394,"column":28}},"211":{"start":{"line":395,"column":6},"end":{"line":395,"column":31}},"212":{"start":{"line":396,"column":6},"end":{"line":396,"column":31}},"213":{"start":{"line":398,"column":6},"end":{"line":400,"column":7}},"214":{"start":{"line":399,"column":8},"end":{"line":399,"column":52}},"215":{"start":{"line":402,"column":6},"end":{"line":416,"column":7}},"216":{"start":{"line":403,"column":8},"end":{"line":403,"column":33}},"217":{"start":{"line":404,"column":8},"end":{"line":406,"column":9}},"218":{"start":{"line":405,"column":10},"end":{"line":405,"column":17}},"219":{"start":{"line":407,"column":8},"end":{"line":411,"column":9}},"220":{"start":{"line":408,"column":10},"end":{"line":410,"column":11}},"221":{"start":{"line":409,"column":12},"end":{"line":409,"column":22}},"222":{"start":{"line":412,"column":8},"end":{"line":412,"column":23}},"223":{"start":{"line":413,"column":8},"end":{"line":415,"column":9}},"224":{"start":{"line":414,"column":10},"end":{"line":414,"column":39}},"225":{"start":{"line":418,"column":6},"end":{"line":420,"column":7}},"226":{"start":{"line":419,"column":8},"end":{"line":419,"column":31}},"227":{"start":{"line":422,"column":6},"end":{"line":424,"column":7}},"228":{"start":{"line":423,"column":8},"end":{"line":423,"column":28}},"229":{"start":{"line":426,"column":6},"end":{"line":430,"column":7}},"230":{"start":{"line":427,"column":8},"end":{"line":429,"column":9}},"231":{"start":{"line":428,"column":10},"end":{"line":428,"column":30}},"232":{"start":{"line":432,"column":4},"end":{"line":432,"column":16}},"233":{"start":{"line":437,"column":2},"end":{"line":437,"column":30}},"234":{"start":{"line":438,"column":2},"end":{"line":438,"column":90}},"235":{"start":{"line":440,"column":2},"end":{"line":530,"column":3}},"236":{"start":{"line":441,"column":6},"end":{"line":441,"column":39}},"237":{"start":{"line":442,"column":6},"end":{"line":442,"column":37}},"238":{"start":{"line":443,"column":6},"end":{"line":443,"column":37}},"239":{"start":{"line":445,"column":4},"end":{"line":447,"column":5}},"240":{"start":{"line":446,"column":6},"end":{"line":446,"column":12}},"241":{"start":{"line":449,"column":4},"end":{"line":527,"column":5}},"242":{"start":{"line":451,"column":8},"end":{"line":451,"column":63}},"243":{"start":{"line":452,"column":8},"end":{"line":452,"column":58}},"244":{"start":{"line":453,"column":8},"end":{"line":453,"column":30}},"245":{"start":{"line":454,"column":8},"end":{"line":454,"column":46}},"246":{"start":{"line":455,"column":8},"end":{"line":455,"column":14}},"247":{"start":{"line":458,"column":8},"end":{"line":458,"column":63}},"248":{"start":{"line":459,"column":8},"end":{"line":459,"column":58}},"249":{"start":{"line":460,"column":8},"end":{"line":460,"column":46}},"250":{"start":{"line":461,"column":8},"end":{"line":461,"column":14}},"251":{"start":{"line":464,"column":8},"end":{"line":469,"column":9}},"252":{"start":{"line":465,"column":12},"end":{"line":465,"column":67}},"253":{"start":{"line":466,"column":12},"end":{"line":466,"column":119}},"254":{"start":{"line":467,"column":12},"end":{"line":468,"column":70}},"255":{"start":{"line":468,"column":16},"end":{"line":468,"column":70}},"256":{"start":{"line":470,"column":8},"end":{"line":470,"column":58}},"257":{"start":{"line":471,"column":8},"end":{"line":471,"column":46}},"258":{"start":{"line":472,"column":8},"end":{"line":472,"column":14}},"259":{"start":{"line":475,"column":8},"end":{"line":475,"column":72}},"260":{"start":{"line":476,"column":8},"end":{"line":478,"column":9}},"261":{"start":{"line":477,"column":12},"end":{"line":477,"column":67}},"262":{"start":{"line":479,"column":8},"end":{"line":479,"column":58}},"263":{"start":{"line":480,"column":8},"end":{"line":480,"column":46}},"264":{"start":{"line":481,"column":8},"end":{"line":481,"column":14}},"265":{"start":{"line":483,"column":8},"end":{"line":485,"column":9}},"266":{"start":{"line":484,"column":10},"end":{"line":484,"column":60}},"267":{"start":{"line":486,"column":8},"end":{"line":486,"column":42}},"268":{"start":{"line":487,"column":8},"end":{"line":487,"column":14}},"269":{"start":{"line":490,"column":8},"end":{"line":524,"column":9}},"270":{"start":{"line":491,"column":10},"end":{"line":491,"column":41}},"271":{"start":{"line":492,"column":10},"end":{"line":492,"column":45}},"272":{"start":{"line":493,"column":10},"end":{"line":497,"column":11}},"273":{"start":{"line":494,"column":12},"end":{"line":494,"column":78}},"274":{"start":{"line":495,"column":17},"end":{"line":497,"column":11}},"275":{"start":{"line":496,"column":12},"end":{"line":496,"column":80}},"276":{"start":{"line":499,"column":10},"end":{"line":505,"column":11}},"277":{"start":{"line":500,"column":12},"end":{"line":500,"column":40}},"278":{"start":{"line":501,"column":17},"end":{"line":505,"column":11}},"279":{"start":{"line":502,"column":12},"end":{"line":502,"column":65}},"280":{"start":{"line":504,"column":12},"end":{"line":504,"column":40}},"281":{"start":{"line":507,"column":10},"end":{"line":507,"column":78}},"282":{"start":{"line":508,"column":10},"end":{"line":519,"column":11}},"283":{"start":{"line":510,"column":12},"end":{"line":510,"column":75}},"284":{"start":{"line":513,"column":12},"end":{"line":513,"column":46}},"285":{"start":{"line":514,"column":12},"end":{"line":514,"column":98}},"286":{"start":{"line":515,"column":12},"end":{"line":515,"column":85}},"287":{"start":{"line":516,"column":12},"end":{"line":518,"column":40}},"288":{"start":{"line":520,"column":10},"end":{"line":523,"column":11}},"289":{"start":{"line":521,"column":12},"end":{"line":521,"column":43}},"290":{"start":{"line":522,"column":12},"end":{"line":522,"column":66}},"291":{"start":{"line":525,"column":8},"end":{"line":525,"column":42}},"292":{"start":{"line":526,"column":8},"end":{"line":526,"column":14}},"293":{"start":{"line":528,"column":4},"end":{"line":528,"column":54}},"294":{"start":{"line":529,"column":4},"end":{"line":529,"column":53}},"295":{"start":{"line":531,"column":2},"end":{"line":531,"column":38}},"296":{"start":{"line":534,"column":0},"end":{"line":536,"column":2}}},"branchMap":{"1":{"line":49,"type":"binary-expr","locations":[{"start":{"line":49,"column":12},"end":{"line":49,"column":19}},{"start":{"line":49,"column":23},"end":{"line":49,"column":25}}]},"2":{"line":50,"type":"binary-expr","locations":[{"start":{"line":50,"column":16},"end":{"line":50,"column":35}},{"start":{"line":50,"column":39},"end":{"line":50,"column":40}}]},"3":{"line":51,"type":"binary-expr","locations":[{"start":{"line":51,"column":21},"end":{"line":51,"column":40}},{"start":{"line":51,"column":44},"end":{"line":51,"column":47}}]},"4":{"line":52,"type":"binary-expr","locations":[{"start":{"line":52,"column":16},"end":{"line":52,"column":35}},{"start":{"line":52,"column":39},"end":{"line":52,"column":49}}]},"5":{"line":53,"type":"cond-expr","locations":[{"start":{"line":53,"column":37},"end":{"line":53,"column":45}},{"start":{"line":53,"column":48},"end":{"line":53,"column":70}}]},"6":{"line":53,"type":"binary-expr","locations":[{"start":{"line":53,"column":48},"end":{"line":53,"column":64}},{"start":{"line":53,"column":68},"end":{"line":53,"column":70}}]},"7":{"line":54,"type":"binary-expr","locations":[{"start":{"line":54,"column":16},"end":{"line":54,"column":35}},{"start":{"line":54,"column":39},"end":{"line":54,"column":292}}]},"8":{"line":75,"type":"if","locations":[{"start":{"line":75,"column":10},"end":{"line":75,"column":10}},{"start":{"line":75,"column":10},"end":{"line":75,"column":10}}]},"9":{"line":90,"type":"if","locations":[{"start":{"line":90,"column":8},"end":{"line":90,"column":8}},{"start":{"line":90,"column":8},"end":{"line":90,"column":8}}]},"10":{"line":91,"type":"cond-expr","locations":[{"start":{"line":91,"column":32},"end":{"line":91,"column":48}},{"start":{"line":91,"column":49},"end":{"line":91,"column":63}}]},"11":{"line":98,"type":"if","locations":[{"start":{"line":98,"column":8},"end":{"line":98,"column":8}},{"start":{"line":98,"column":8},"end":{"line":98,"column":8}}]},"12":{"line":99,"type":"if","locations":[{"start":{"line":99,"column":10},"end":{"line":99,"column":10}},{"start":{"line":99,"column":10},"end":{"line":99,"column":10}}]},"13":{"line":105,"type":"if","locations":[{"start":{"line":105,"column":13},"end":{"line":105,"column":13}},{"start":{"line":105,"column":13},"end":{"line":105,"column":13}}]},"14":{"line":106,"type":"if","locations":[{"start":{"line":106,"column":10},"end":{"line":106,"column":10}},{"start":{"line":106,"column":10},"end":{"line":106,"column":10}}]},"15":{"line":121,"type":"cond-expr","locations":[{"start":{"line":121,"column":28},"end":{"line":121,"column":44}},{"start":{"line":121,"column":45},"end":{"line":121,"column":47}}]},"16":{"line":125,"type":"if","locations":[{"start":{"line":125,"column":6},"end":{"line":125,"column":6}},{"start":{"line":125,"column":6},"end":{"line":125,"column":6}}]},"17":{"line":133,"type":"cond-expr","locations":[{"start":{"line":133,"column":33},"end":{"line":133,"column":48}},{"start":{"line":133,"column":49},"end":{"line":133,"column":66}}]},"18":{"line":134,"type":"if","locations":[{"start":{"line":134,"column":6},"end":{"line":134,"column":6}},{"start":{"line":134,"column":6},"end":{"line":134,"column":6}}]},"19":{"line":142,"type":"if","locations":[{"start":{"line":142,"column":6},"end":{"line":142,"column":6}},{"start":{"line":142,"column":6},"end":{"line":142,"column":6}}]},"20":{"line":155,"type":"if","locations":[{"start":{"line":155,"column":6},"end":{"line":155,"column":6}},{"start":{"line":155,"column":6},"end":{"line":155,"column":6}}]},"21":{"line":158,"type":"if","locations":[{"start":{"line":158,"column":10},"end":{"line":158,"column":10}},{"start":{"line":158,"column":10},"end":{"line":158,"column":10}}]},"22":{"line":163,"type":"if","locations":[{"start":{"line":163,"column":8},"end":{"line":163,"column":8}},{"st
[...]
s.line_char_count++;","","        if (this.Utils.in_array(input_char, this.Utils.whitespace)) { //don't want to insert unnecessary space","          space = true;","          this.line_char_count--;","          continue;","        }","","        if (input_char === \"'\" || input_char === '\"') {","          if (!content[1] || content[1] !== '!') { //if we're in a comment strings don't get treated specially","            input_char += this.get_unformatted(input_char);","            space = true;","          }","        }","","        if (input_char === '=') { //no space before =","          space = false;","        }","","        if (content.length && content[content.length-1] !== '=' && input_char !== '>'","            && space) { //no space after = or before >","          if (this.line_char_count >= this.max_char) {","            this.print_newline(false, content);","            this.line_char_count = 0;","          }","          else {","            content.push(' ');","            this.line_char_count++;","          }","          space = false;","        }","        if (input_char === '<') {","            tag_start = this.pos - 1;","        }","        content.push(input_char); //inserts character at-a-time (or string)","      } while (input_char !== '>');","","      var tag_complete = content.join('');","      var tag_index;","      if (tag_complete.indexOf(' ') != -1) { //if there's whitespace, thats where the tag name ends","        tag_index = tag_complete.indexOf(' ');","      }","      else { //otherwise go with the tag ending","        tag_index = tag_complete.indexOf('>');","      }","      var tag_check = tag_complete.substring(1, tag_index).toLowerCase();","      if (tag_complete.charAt(tag_complete.length-2) === '/' ||","          this.Utils.in_array(tag_check, this.Utils.single_token)) { //if this tag name is a single tag type (either in the list or has a closing /)","        this.tag_type = 'SINGLE';","      }","      else if (tag_check === 'script') { //for later script handling","        this.record_tag(tag_check);","        this.tag_type = 'SCRIPT';","      }","      else if (tag_check === 'style') { //for future style handling (for now it justs uses get_content)","        this.record_tag(tag_check);","        this.tag_type = 'STYLE';","      }","      else if (this.Utils.in_array(tag_check, unformatted)) { // do not reformat the \"unformatted\" tags","        var comment = this.get_unformatted('</'+tag_check+'>', tag_complete); //...delegate to get_unformatted function","        content.push(comment);","        // Preserve collapsed whitespace either before or after this tag.","        if (tag_start > 0 && this.Utils.in_array(this.input.charAt(tag_start - 1), this.Utils.whitespace)){","            content.splice(0, 0, this.input.charAt(tag_start - 1));","        }","        tag_end = this.pos - 1;","        if (this.Utils.in_array(this.input.charAt(tag_end + 1), this.Utils.whitespace)){","            content.push(this.input.charAt(tag_end + 1));","        }","        this.tag_type = 'SINGLE';","      }","      else if (tag_check.charAt(0) === '!') { //peek for <!-- comment","        if (tag_check.indexOf('[if') != -1) { //peek for <!--[if conditional comment","          if (tag_complete.indexOf('!IE') != -1) { //this type needs a closing --> so...","            var comment = this.get_unformatted('-->', tag_complete); //...delegate to get_unformatted","            content.push(comment);","          }","          this.tag_type = 'START';","        }","        else if (tag_check.indexOf('[endif') != -1) {//peek for <!--[endif end conditional comment","          this.tag_type = 'END';","          this.unindent();","        }","        else if (tag_check.indexOf('[cdata[') != -1) { //if it's a <[cdata[ comment...","          var comment = this.get_unformatted(']]>', tag_complete); //...delegate to get_unformatted function","          content.push(comment);","          this.tag_type = 'SINGLE'; //<![CDATA[ comments are treated like single tags","        }","        else {","          var comment = this.get_unformatted('-->', tag_complete);","          content.push(comment);","          this.tag_type = 'SINGLE';","        }","      }","      else {","        if (tag_check.charAt(0) === '/') { //this tag is a double tag so check for tag-ending","          this.retrieve_tag(tag_check.substring(1)); //remove it and all ancestors","          this.tag_type = 'END';","        }","        else { //otherwise it's a start-tag","          this.record_tag(tag_check); //push it on the tag stack","          this.tag_type = 'START';","        }","        if (this.Utils.in_array(tag_check, this.Utils.extra_liners)) { //check if this double needs an extra line","          this.print_newline(true, this.output);","        }","      }","      return content.join(''); //returns fully formatted tag","    }","","    this.get_unformatted = function (delimiter, orig_tag) { //function to return unformatted content in its entirety","","      if (orig_tag && orig_tag.toLowerCase().indexOf(delimiter) != -1) {","        return '';","      }","      var input_char = '';","      var content = '';","      var space = true;","      do {","","        if (this.pos >= this.input.length) {","          return content;","        }","","        input_char = this.input.charAt(this.pos);","        this.pos++","","        if (this.Utils.in_array(input_char, this.Utils.whitespace)) {","          if (!space) {","            this.line_char_count--;","            continue;","          }","          if (input_char === '\\n' || input_char === '\\r') {","            content += '\\n';","            /*  Don't change tab indention for unformatted blocks.  If using code for html editing, this will greatly affect <pre> tags if they are specified in the 'unformatted array'","            for (var i=0; i<this.indent_level; i++) {","              content += this.indent_string;","            }","            space = false; //...and make sure other indentation is erased","            */","            this.line_char_count = 0;","            continue;","          }","        }","        content += input_char;","        this.line_char_count++;","        space = true;","","","      } while (content.toLowerCase().indexOf(delimiter) == -1);","      return content;","    }","","    this.get_token = function () { //initial handler for token-retrieval","      var token;","","      if (this.last_token === 'TK_TAG_SCRIPT' || this.last_token === 'TK_TAG_STYLE') { //check if we need to format javascript","       var type = this.last_token.substr(7)","       token = this.get_contents_to(type);","        if (typeof token !== 'string') {","          return token;","        }","        return [token, 'TK_' + type];","      }","      if (this.current_mode === 'CONTENT') {","        token = this.get_content();","        if (typeof token !== 'string') {","          return token;","        }","        else {","          return [token, 'TK_CONTENT'];","        }","      }","","      if (this.current_mode === 'TAG') {","        token = this.get_tag();","        if (typeof token !== 'string') {","          return token;","        }","        else {","          var tag_name_type = 'TK_TAG_' + this.tag_type;","          return [token, tag_name_type];","        }","      }","    }","","    this.get_full_indent = function (level) {","      level = this.indent_level + level || 0;","      if (level < 1)","        return '';","","      return Array(level + 1).join(this.indent_string);","    }","","","    this.printer = function (js_source, indent_character, indent_size, max_char, brace_style) { //handles input/output and some other printing functions","","      this.input = js_source || ''; //gets the input for the Parser","      this.output = [];","      this.indent_character = indent_character;","      this.indent_string = '';","      this.indent_size = indent_size;","      this.brace_style = brace_style;","      this.indent_level = 0;","      this.max_char = max_char;","      this.line_char_count = 0; //count to see if max_char was exceeded","","      for (var i=0; i<this.indent_size; i++) {","        this.indent_string += this.indent_character;","      }","","      this.print_newline = function (ignore, arr) {","        this.line_char_count = 0;","        if (!arr || !arr.length) {","          return;","        }","        if (!ignore) { //we might want the extra line","          while (this.Utils.in_array(arr[arr.length-1], this.Utils.whitespace)) {","            arr.pop();","          }","        }","        arr.push('\\n');","        for (var i=0; i<this.indent_level; i++) {","          arr.push(this.indent_string);","        }","      }","","      this.print_token = function (text) {","        this.output.push(text);","      }","","      this.indent = function () {","        this.indent_level++;","      }","","      this.unindent = function () {","        if (this.indent_level > 0) {","          this.indent_level--;","        }","      }","    }","    return this;","  }","","  /*_____________________--------------------_____________________*/","","  multi_parser = new Parser(); //wrapping functions Parser","  multi_parser.printer(html_source, indent_character, indent_size, max_char, brace_style); //initialize starting values","","  while (true) {","      var t = multi_parser.get_token();","      multi_parser.token_text = t[0];","      multi_parser.token_type = t[1];","","    if (multi_parser.token_type === 'TK_EOF') {","      break;","    }","","    switch (multi_parser.token_type) {","      case 'TK_TAG_START':","        multi_parser.print_newline(false, multi_parser.output);","        multi_parser.print_token(multi_parser.token_text);","        multi_parser.indent();","        multi_parser.current_mode = 'CONTENT';","        break;","      case 'TK_TAG_STYLE':","      case 'TK_TAG_SCRIPT':","        multi_parser.print_newline(false, multi_parser.output);","        multi_parser.print_token(multi_parser.token_text);","        multi_parser.current_mode = 'CONTENT';","        break;","      case 'TK_TAG_END':","        //Print new line only if the tag has no content and has child","        if (multi_parser.last_token === 'TK_CONTENT' && multi_parser.last_text === '') {","            var tag_name = multi_parser.token_text.match(/\\w+/)[0];","            var tag_extracted_from_last_output = multi_parser.output[multi_parser.output.length -1].match(/<\\s*(\\w+)/);","            if (tag_extracted_from_last_output === null || tag_extracted_from_last_output[1] !== tag_name)","                multi_parser.print_newline(true, multi_parser.output);","        }","        multi_parser.print_token(multi_parser.token_text);","        multi_parser.current_mode = 'CONTENT';","        break;","      case 'TK_TAG_SINGLE':","        // Don't add a newline before elements that should remain unformatted.","        var tag_check = multi_parser.token_text.match(/^\\s*<([a-z]+)/i);","        if (!tag_check || !multi_parser.Utils.in_array(tag_check[1], unformatted)){","            multi_parser.print_newline(false, multi_parser.output);","        }","        multi_parser.print_token(multi_parser.token_text);","        multi_parser.current_mode = 'CONTENT';","        break;","      case 'TK_CONTENT':","        if (multi_parser.token_text !== '') {","          multi_parser.print_token(multi_parser.token_text);","        }","        multi_parser.current_mode = 'TAG';","        break;","      case 'TK_STYLE':","      case 'TK_SCRIPT':","        if (multi_parser.token_text !== '') {","          multi_parser.output.push('\\n');","          var text = multi_parser.token_text;","          if (multi_parser.token_type == 'TK_SCRIPT') {","            var _beautifier = typeof js_beautify == 'function' && js_beautify;","          } else if (multi_parser.token_type == 'TK_STYLE') {","            var _beautifier = typeof css_beautify == 'function' && css_beautify;","          }","","          if (options.indent_scripts == \"keep\") {","            var script_indent_level = 0;","          } else if (options.indent_scripts == \"separate\") {","            var script_indent_level = -multi_parser.indent_level;","          } else {","            var script_indent_level = 1;","          }","","          var indentation = multi_parser.get_full_indent(script_indent_level);","          if (_beautifier) {","            // call the Beautifier if avaliable","            text = _beautifier(text.replace(/^\\s*/, indentation), options);","          } else {","            // simply indent the string otherwise","            var white = text.match(/^\\s*/)[0];","            var _level = white.match(/[^\\n\\r]*$/)[0].split(multi_parser.indent_string).length - 1;","            var reindent = multi_parser.get_full_indent(script_indent_level -_level);","            text = text.replace(/^\\s*/, indentation)","                   .replace(/\\r\\n|\\r|\\n/g, '\\n' + reindent)","                   .replace(/\\s*$/, '');","          }","          if (text) {","            multi_parser.print_token(text);","            multi_parser.print_newline(true, multi_parser.output);","          }","        }","        multi_parser.current_mode = 'TAG';","        break;","    }","    multi_parser.last_token = multi_parser.token_type;","    multi_parser.last_text = multi_parser.token_text;","  }","  return multi_parser.output.join('');","}","","module.exports = {","  prettyPrint: style_html","};"],"l":{"39":1,"42":0,"49":0,"50":0,"51":0,"52":0,"53":0,"54":0,"56":1,"58":0,"59":0,"60":0,"61":0,"66":0,"67":0,"69":0,"74":0,"75":0,"76":0,"79":0,"83":0,"85":0,"89":0,"90":0,"91":0,"94":0,"95":0,"96":0,"98":0,"99":0,"100":0,"102":0,"103":0,"105":0,"106":0,"107":0,"108":0,"109":0,"111":0,"114":0,"115":0,"117":0,"119":0,"121":0,"124":0,"125":0,"126":0,"128":0,"129":0,"130":0,"131":0,"132":0,"133":0,"134":0,"135":0,"136":0,"138":0,"141":0,"142":0,"143":0,"144":0,"147":0,"148":0,"150":0,"151":0,"154":0,"155":0,"156":0,"157":0,"158":0,"159":0,"161":0,"163":0,"164":0,"165":0,"167":0,"168":0,"169":0,"170":0,"173":0,"178":0,"179":0,"184":0,"185":0,"186":0,"189":0,"190":0,"191":0,"193":0,"194":0,"195":0,"196":0,"199":0,"200":0,"201":0,"202":0,"206":0,"207":0,"210":0,"212":0,"213":0,"214":0,"217":0,"218":0,"220":0,"222":0,"223":0,"225":0,"228":0,"229":0,"230":0,"231":0,"234":0,"236":0,"237":0,"239":0,"241":0,"242":0,"243":0,"245":0,"246":0,"247":0,"249":0,"250":0,"251":0,"253":0,"254":0,"256":0,"257":0,"258":0,"260":0,"262":0,"263":0,"264":0,"265":0,"266":0,"268":0,"270":0,"271":0,"272":0,"274":0,"275":0,"276":0,"277":0,"280":0,"281":0,"282":0,"286":0,"287":0,"288":0,"291":0,"292":0,"294":0,"295":0,"298":0,"301":0,"303":0,"304":0,"306":0,"307":0,"308":0,"309":0,"311":0,"312":0,"315":0,"316":0,"318":0,"319":0,"320":0,"321":0,"323":0,"324":0,"331":0,"332":0,"335":0,"336":0,"337":0,"341":0,"344":0,"345":0,"347":0,"348":0,"349":0,"350":0,"351":0,"353":0,"355":0,"356":0,"357":0,"358":0,"361":0,"365":0,"366":0,"367":0,"368":0,"371":0,"372":0,"377":0,"378":0,"379":0,"380":0,"382":0,"386":0,"388":0,"389":0,"390":0,"391":0,"392":0,"393":0,"394":0,"395":0,"396":0,"398":0,"399":0,"402":0,"403":0,"404":0,"405":0,"407":0,"408":0,"409":0,"412":0,"413":0,"414":0,"418":0,"419":0,"422":0,"423":0,"426":0,"427":0,"428":0,"432":0,"437":0,"438":0,"440":0,"441":0,"442":0,"443":0,"445":0,"446":0,"449":0,"451":0,"452":0,"453":0,"454":0,"455":0,"458":0,"459":0,"460":0,"461":0,"464":0,"465":0,"466":0,"467":0,"468":0,"470":0,"471":0,"472":0,"475":0,"476":0,"477":0,"479":0,"480":0,"481":0,"483":0,"484":0,"486":0,"487":0,"490":0,"491":0,"492":0,"493":0,"494":0,"495":0,"496":0,"499":0,"500":0,"501":0,"502":0,"504":0,"507":0,"508":0,"510":0,"513":0,"514":0,"515":0,"516":0,"520":0,"521":0,"522":0,"525":0,"526":0,"528":0,"529":0,"531":0,"534":1}},"/home/travis/build/npmtest/node-npmtest-html/node_modules/html/bin/html.js":{"path":"/home/travis/build/npmtest/node-npmtest-html/node_modules/html/bin/html.js","s":{"1":1,"2":1,"3":1,"4":1,"5":1,"6":1,"7":1,"8":0,"9":1,"10":1,"11":1,"12":1,"13":0,"14":1,"15":0,"16":0,"17":0,"18":0,"19":0,"20":0,"21":1,"22":0,"23":1,"24":0},"b":{"1":[0,1],"2":[0,0]},"f":{"1":1,"2":0,"3":0,"4":0,"5":0,"6":0},"fnMap":{"1":{"name":"readStdin","line":15,"loc":{"start":{"line":15,"column":0},"end":{"line":15,"column":21}}},"2":{"name":"concatted","line":17,"loc":{"start":{"line":17,"column":20},"end":{"line":17,"column":46}}},"3":{"name":"processFiles","line":22,"loc":{"start":{"line":22,"column":0},"end":{"line":22,"column":29}}},"4":{"name":"(anonymous_4)","line":24,"loc":{"start":{"line":24,"column":14},"end":{"line":24,"column":33}}},"5":{"name":"prettify","line":33,"loc":{"start":{"line":33,"column":0},"end":{"line":33,"column":23}}},"6":{"name":"prettifyFile","line":37,"loc":{"start":{"line":37,"column":0},"end":{"line":37,"column":32}}}},"statementMap":{"1":{"start":{"line":3,"column":0},"end":{"line":3,"column":33}},"2":{"start":{"line":4,"column":0},"end":{"line":4,"column":22}},"3":{"start":{"line":5,"column":0},"end":{"line":5,"column":37}},"4":{"start":{"line":7,"column":0},"end":{"line":7,"column":32}},"5":{"start":{"line":9,"column":0},"end":{"line":9,"column":12}},"6":{"start":{"line":10,"column":0},"end":{"line":10,"column":12}},"7":{"start":{"line":12,"column":0},"end":{"line":13,"column":16}},"8":{"start":{"line":12,"column":21},"end":{"line":12,"column":39}},"9":{"start":{"line":13,"column":5},"end":{"line":13,"column":16}},"10":{"start":{"line":15,"column":0},"end":{"line":20,"column":1}},"11":{"start":{"line":16,"column":2},"end":{"line":16,"column":33}},"12":{"start":{"line":17,"column":2},"end":{"line":19,"column":5}},"13":{"start":{"line":18,"column":4},"end":{"line":18,"column":77}},"14":{"start":{"line":22,"column":0},"end":{"line":31,"column":1}},"15":{"start":{"line":23,"column":2},"end":{"line":28,"column":3}},"16":{"start":{"line":24,"column":4},"end":{"line":26,"column":6}},"17":{"start":{"line":25,"column":6},"end":{"line":25,"column":28}},"18":{"start":{"line":27,"column":4},"end":{"line":27,"column":10}},"19":{"start":{"line":29,"column":2},"end":{"line":29,"column":48}},"20":{"start":{"line":30,"column":2},"end":{"line":30,"column":37}},"21":{"start":{"line":33,"column":0},"end":{"line":35,"column":1}},"22":{"start":{"line":34,"column":2},"end":{"line":34,"column":48}},"23":{"start":{"line":37,"column":0},"end":{"line":39,"column":1}},"24":{"start":{"line":38,"column":2},"end":{"line":38,"column":76}}},"branchMap":{"1":{"line":12,"type":"if","locations":[{"start":{"line":12,"column":0},"end":{"line":12,"column":0}},{"start":{"line":12,"column":0},"end":{"line":12,"column":0}}]},"2":{"line":23,"type":"if","locations":[{"start":{"line":23,"column":2},"end":{"line":23,"column":2}},{"start":{"line":23,"column":2},"end":{"line":23,"column":2}}]}},"code":["//#!/usr/bin/env node","","var html = require(\"../lib/html\")","var fs = require('fs')","var concat = require('concat-stream')","","var args = process.argv.slice(0)","// shift off node and script name","args.shift()","args.shift()","","if (args.length > 0) processFiles(args)","else readStdin()","","function readStdin() {","  var stdin = process.openStdin()","  stdin.pipe(concat(function concatted (buff) {","    process.stdout.write(html.prettyPrint(buff.toString(), {indent_size: 2}))","  }))","}","","function processFiles(files) {","  if (files.length > 1) {","    files.map(function(filename) {","      prettifyFile(filename)","    })","    return","  }","  var str = fs.readFileSync(files[0]).toString()","  process.stdout.write(prettify(str))","}","","function prettify(str) {","  return html.prettyPrint(str, {indent_size: 2})","}","","function prettifyFile(filename) {","  fs.writeFileSync(filename, prettify(fs.readFileSync(filename).toString()))","}",""],"l":{"3":1,"4":1,"5":1,"7":1,"9":1,"10":1,"12":1,"13":1,"15":1,"16":1,"17":1,"18":0,"22":1,"23":0,"24":0,"25":0,"27":0,"29":0,"30":0,"33":1,"34":0,"37":1,"38":0}}}